{"total": {"lines":{"total":163,"covered":153,"skipped":0,"pct":93.86},"statements":{"total":164,"covered":153,"skipped":0,"pct":93.29},"functions":{"total":35,"covered":33,"skipped":0,"pct":94.28},"branches":{"total":28,"covered":21,"skipped":0,"pct":75},"branchesTrue":{"total":0,"covered":0,"skipped":0,"pct":100}}
,"/Users/kris/Repos/openpaul/src/index.ts": {"lines":{"total":3,"covered":0,"skipped":0,"pct":0},"functions":{"total":1,"covered":0,"skipped":0,"pct":0},"statements":{"total":4,"covered":0,"skipped":0,"pct":0},"branches":{"total":0,"covered":0,"skipped":0,"pct":100}}
,"/Users/kris/Repos/openpaul/src/state/loop-enforcer.ts": {"lines":{"total":12,"covered":12,"skipped":0,"pct":100},"functions":{"total":5,"covered":5,"skipped":0,"pct":100},"statements":{"total":12,"covered":12,"skipped":0,"pct":100},"branches":{"total":12,"covered":8,"skipped":0,"pct":66.66}}
,"/Users/kris/Repos/openpaul/src/state/state-manager.ts": {"lines":{"total":24,"covered":24,"skipped":0,"pct":100},"functions":{"total":6,"covered":6,"skipped":0,"pct":100},"statements":{"total":24,"covered":24,"skipped":0,"pct":100},"branches":{"total":3,"covered":3,"skipped":0,"pct":100}}
,"/Users/kris/Repos/openpaul/src/storage/atomic-writes.ts": {"lines":{"total":21,"covered":17,"skipped":0,"pct":80.95},"functions":{"total":2,"covered":2,"skipped":0,"pct":100},"statements":{"total":21,"covered":17,"skipped":0,"pct":80.95},"branches":{"total":4,"covered":3,"skipped":0,"pct":75}}
,"/Users/kris/Repos/openpaul/src/storage/file-manager.ts": {"lines":{"total":32,"covered":30,"skipped":0,"pct":93.75},"functions":{"total":11,"covered":10,"skipped":0,"pct":90.9},"statements":{"total":32,"covered":30,"skipped":0,"pct":93.75},"branches":{"total":2,"covered":2,"skipped":0,"pct":100}}
,"/Users/kris/Repos/openpaul/src/storage/model-config-manager.ts": {"lines":{"total":31,"covered":30,"skipped":0,"pct":96.77},"functions":{"total":7,"covered":7,"skipped":0,"pct":100},"statements":{"total":31,"covered":30,"skipped":0,"pct":96.77},"branches":{"total":5,"covered":4,"skipped":0,"pct":80}}
,"/Users/kris/Repos/openpaul/src/types/command.ts": {"lines":{"total":3,"covered":3,"skipped":0,"pct":100},"functions":{"total":0,"covered":0,"skipped":0,"pct":100},"statements":{"total":3,"covered":3,"skipped":0,"pct":100},"branches":{"total":0,"covered":0,"skipped":0,"pct":100}}
,"/Users/kris/Repos/openpaul/src/types/index.ts": {"lines":{"total":6,"covered":6,"skipped":0,"pct":100},"functions":{"total":0,"covered":0,"skipped":0,"pct":100},"statements":{"total":6,"covered":6,"skipped":0,"pct":100},"branches":{"total":0,"covered":0,"skipped":0,"pct":100}}
,"/Users/kris/Repos/openpaul/src/types/loop.ts": {"lines":{"total":6,"covered":6,"skipped":0,"pct":100},"functions":{"total":1,"covered":1,"skipped":0,"pct":100},"statements":{"total":6,"covered":6,"skipped":0,"pct":100},"branches":{"total":2,"covered":1,"skipped":0,"pct":50}}
,"/Users/kris/Repos/openpaul/src/types/model-config.ts": {"lines":{"total":8,"covered":8,"skipped":0,"pct":100},"functions":{"total":1,"covered":1,"skipped":0,"pct":100},"statements":{"total":8,"covered":8,"skipped":0,"pct":100},"branches":{"total":0,"covered":0,"skipped":0,"pct":100}}
,"/Users/kris/Repos/openpaul/src/types/plan.ts": {"lines":{"total":6,"covered":6,"skipped":0,"pct":100},"functions":{"total":0,"covered":0,"skipped":0,"pct":100},"statements":{"total":6,"covered":6,"skipped":0,"pct":100},"branches":{"total":0,"covered":0,"skipped":0,"pct":100}}
,"/Users/kris/Repos/openpaul/src/types/state.ts": {"lines":{"total":5,"covered":5,"skipped":0,"pct":100},"functions":{"total":0,"covered":0,"skipped":0,"pct":100},"statements":{"total":5,"covered":5,"skipped":0,"pct":100},"branches":{"total":0,"covered":0,"skipped":0,"pct":100}}
,"/Users/kris/Repos/openpaul/src/types/sub-stage.ts": {"lines":{"total":6,"covered":6,"skipped":0,"pct":100},"functions":{"total":1,"covered":1,"skipped":0,"pct":100},"statements":{"total":6,"covered":6,"skipped":0,"pct":100},"branches":{"total":0,"covered":0,"skipped":0,"pct":100}}
}
