TN:
SF:src/index.ts
FN:20,(anonymous_4)
FNF:1
FNH:0
FNDA:0,(anonymous_4)
DA:9,0
DA:10,0
DA:11,0
DA:12,0
DA:13,0
DA:14,0
DA:15,0
DA:16,0
DA:17,0
DA:18,0
DA:20,0
DA:22,0
DA:34,0
DA:62,0
LF:14
LH:0
BRF:0
BRH:0
end_of_record
TN:
SF:src/commands/add-phase.ts
FN:24,(anonymous_0)
FNF:1
FNH:0
FNDA:0,(anonymous_0)
DA:1,0
DA:2,0
DA:3,0
DA:17,0
DA:25,0
DA:27,0
DA:28,0
DA:31,0
DA:32,0
DA:41,0
DA:42,0
DA:52,0
DA:53,0
DA:62,0
DA:63,0
DA:65,0
DA:66,0
DA:77,0
DA:84,0
DA:87,0
DA:91,0
DA:92,0
LF:22
LH:0
BRDA:31,0,0,0
BRDA:31,1,0,0
BRDA:31,1,1,0
BRDA:41,2,0,0
BRDA:41,3,0,0
BRDA:41,3,1,0
BRDA:52,4,0,0
BRDA:52,5,0,0
BRDA:52,5,1,0
BRDA:65,6,0,0
BRDA:79,7,0,0
BRDA:79,7,1,0
BRDA:80,8,0,0
BRDA:80,8,1,0
BRDA:91,9,0,0
BRDA:91,9,1,0
BRF:16
BRH:0
end_of_record
TN:
SF:src/commands/handoff.ts
FN:27,(anonymous_0)
FN:134,getProjectName
FN:150,getVersion
FN:166,getTotalPhases
FN:181,extractTotalPhases
FN:206,getPhaseName
FN:221,extractPhaseName
FNF:7
FNH:0
FNDA:0,(anonymous_0)
FNDA:0,getProjectName
FNDA:0,getVersion
FNDA:0,getTotalPhases
FNDA:0,extractTotalPhases
FNDA:0,getPhaseName
FNDA:0,extractPhaseName
DA:1,0
DA:2,0
DA:3,0
DA:4,0
DA:5,0
DA:6,0
DA:8,0
DA:9,0
DA:10,0
DA:24,0
DA:28,0
DA:29,0
DA:30,0
DA:33,0
DA:35,0
DA:36,0
DA:48,0
DA:49,0
DA:50,0
DA:51,0
DA:54,0
DA:66,0
DA:70,0
DA:71,0
DA:72,0
DA:73,0
DA:75,0
DA:76,0
DA:83,0
DA:96,0
DA:97,0
DA:99,0
DA:100,0
DA:103,0
DA:106,0
DA:107,0
DA:108,0
DA:109,0
DA:110,0
DA:116,0
DA:118,0
DA:119,0
DA:135,0
DA:136,0
DA:137,0
DA:138,0
DA:139,0
DA:144,0
DA:151,0
DA:152,0
DA:153,0
DA:154,0
DA:155,0
DA:160,0
DA:167,0
DA:168,0
DA:169,0
DA:170,0
DA:171,0
DA:173,0
DA:175,0
DA:182,0
DA:183,0
DA:186,0
DA:187,0
DA:188,0
DA:192,0
DA:193,0
DA:194,0
DA:197,0
DA:199,0
DA:207,0
DA:208,0
DA:209,0
DA:210,0
DA:211,0
DA:213,0
DA:215,0
DA:222,0
DA:223,0
DA:226,0
DA:227,0
DA:228,0
DA:229,0
DA:233,0
DA:234,0
DA:235,0
DA:236,0
DA:237,0
DA:238,0
DA:242,0
DA:244,0
LF:92
LH:0
BRDA:35,0,0,0
BRDA:49,1,0,0
BRDA:49,1,1,0
BRDA:78,2,0,0
BRDA:78,2,1,0
BRDA:99,3,0,0
BRDA:118,4,0,0
BRDA:118,4,1,0
BRDA:136,5,0,0
BRDA:139,6,0,0
BRDA:139,6,1,0
BRDA:152,7,0,0
BRDA:155,8,0,0
BRDA:155,8,1,0
BRDA:168,9,0,0
BRDA:170,10,0,0
BRDA:187,11,0,0
BRDA:193,12,0,0
BRDA:208,13,0,0
BRDA:210,14,0,0
BRDA:228,15,0,0
BRDA:235,16,0,0
BRDA:235,17,0,0
BRDA:235,17,1,0
BRDA:237,18,0,0
BRF:25
BRH:0
end_of_record
TN:
SF:src/commands/help.ts
FN:20,(anonymous_0)
FN:183,(anonymous_1)
FN:184,(anonymous_2)
FN:192,(anonymous_3)
FN:193,(anonymous_4)
FN:201,(anonymous_5)
FN:202,(anonymous_6)
FN:210,(anonymous_7)
FN:211,(anonymous_8)
FN:219,(anonymous_9)
FN:220,(anonymous_10)
FN:228,(anonymous_11)
FN:229,(anonymous_12)
FN:237,(anonymous_13)
FN:238,(anonymous_14)
FNF:15
FNH:0
FNDA:0,(anonymous_0)
FNDA:0,(anonymous_1)
FNDA:0,(anonymous_2)
FNDA:0,(anonymous_3)
FNDA:0,(anonymous_4)
FNDA:0,(anonymous_5)
FNDA:0,(anonymous_6)
FNDA:0,(anonymous_7)
FNDA:0,(anonymous_8)
FNDA:0,(anonymous_9)
FNDA:0,(anonymous_10)
FNDA:0,(anonymous_11)
FNDA:0,(anonymous_12)
FNDA:0,(anonymous_13)
FNDA:0,(anonymous_14)
DA:1,0
DA:2,0
DA:15,0
DA:22,0
DA:159,0
DA:160,0
DA:161,0
DA:162,0
DA:169,0
DA:170,0
DA:171,0
DA:172,0
DA:173,0
DA:175,0
DA:176,0
DA:179,0
DA:181,0
DA:182,0
DA:183,0
DA:185,0
DA:188,0
DA:190,0
DA:191,0
DA:192,0
DA:194,0
DA:197,0
DA:199,0
DA:200,0
DA:201,0
DA:203,0
DA:206,0
DA:208,0
DA:209,0
DA:210,0
DA:212,0
DA:215,0
DA:217,0
DA:218,0
DA:219,0
DA:221,0
DA:224,0
DA:226,0
DA:227,0
DA:228,0
DA:230,0
DA:233,0
DA:235,0
DA:236,0
DA:237,0
DA:239,0
DA:242,0
DA:243,0
DA:244,0
LF:53
LH:0
BRDA:159,0,0,0
BRDA:161,1,0,0
BRDA:172,2,0,0
BRF:3
BRH:0
end_of_record
TN:
SF:src/commands/index.ts
FN:8,(anonymous_0)
FN:9,(anonymous_1)
FN:10,(anonymous_2)
FN:11,(anonymous_3)
FN:12,(anonymous_4)
FN:13,(anonymous_5)
FN:14,(anonymous_6)
FN:15,(anonymous_7)
FN:16,(anonymous_8)
FN:17,(anonymous_9)
FN:18,(anonymous_10)
FNF:11
FNH:0
FNDA:0,(anonymous_0)
FNDA:0,(anonymous_1)
FNDA:0,(anonymous_2)
FNDA:0,(anonymous_3)
FNDA:0,(anonymous_4)
FNDA:0,(anonymous_5)
FNDA:0,(anonymous_6)
FNDA:0,(anonymous_7)
FNDA:0,(anonymous_8)
FNDA:0,(anonymous_9)
FNDA:0,(anonymous_10)
DA:8,0
DA:9,0
DA:10,0
DA:11,0
DA:12,0
DA:13,0
DA:14,0
DA:15,0
DA:16,0
DA:17,0
DA:18,0
LF:11
LH:0
BRF:0
BRH:0
end_of_record
TN:
SF:src/commands/init.ts
FN:24,(anonymous_0)
FNF:1
FNH:0
FNDA:0,(anonymous_0)
DA:1,0
DA:2,0
DA:3,0
DA:4,0
DA:5,0
DA:6,0
DA:19,0
DA:25,0
DA:26,0
DA:27,0
DA:30,0
DA:31,0
DA:41,0
DA:44,0
DA:47,0
DA:55,0
DA:56,0
DA:58,0
DA:59,0
DA:64,0
DA:65,0
DA:71,0
DA:74,0
DA:75,0
LF:24
LH:0
BRDA:30,0,0,0
BRDA:30,1,0,0
BRDA:30,1,1,0
BRDA:74,2,0,0
BRDA:74,2,1,0
BRF:5
BRH:0
end_of_record
TN:
SF:src/commands/pause.ts
FN:43,(anonymous_0)
FN:209,computeFileChecksums
FN:235,collectChecksums
FN:260,isSnapshotPath
FN:271,computeFileChecksum
FN:279,getPhaseName
FN:296,extractPhaseName
FN:326,formatChangeSummary
FN:333,(anonymous_8)
FN:334,(anonymous_9)
FN:335,(anonymous_10)
FN:336,(anonymous_11)
FN:347,(anonymous_12)
FN:358,(anonymous_13)
FN:372,getVersion
FNF:15
FNH:0
FNDA:0,(anonymous_0)
FNDA:0,computeFileChecksums
FNDA:0,collectChecksums
FNDA:0,isSnapshotPath
FNDA:0,computeFileChecksum
FNDA:0,getPhaseName
FNDA:0,extractPhaseName
FNDA:0,formatChangeSummary
FNDA:0,(anonymous_8)
FNDA:0,(anonymous_9)
FNDA:0,(anonymous_10)
FNDA:0,(anonymous_11)
FNDA:0,(anonymous_12)
FNDA:0,(anonymous_13)
FNDA:0,getVersion
DA:1,0
DA:2,0
DA:3,0
DA:4,0
DA:5,0
DA:6,0
DA:7,0
DA:8,0
DA:10,0
DA:11,0
DA:12,0
DA:13,0
DA:14,0
DA:32,0
DA:34,0
DA:44,0
DA:45,0
DA:46,0
DA:49,0
DA:51,0
DA:52,0
DA:61,0
DA:62,0
DA:63,0
DA:64,0
DA:65,0
DA:66,0
DA:67,0
DA:68,0
DA:80,0
DA:83,0
DA:84,0
DA:86,0
DA:87,0
DA:88,0
DA:89,0
DA:100,0
DA:101,0
DA:110,0
DA:111,0
DA:112,0
DA:113,0
DA:116,0
DA:117,0
DA:118,0
DA:121,0
DA:135,0
DA:138,0
DA:139,0
DA:140,0
DA:141,0
DA:142,0
DA:143,0
DA:150,0
DA:153,0
DA:154,0
DA:167,0
DA:168,0
DA:169,0
DA:171,0
DA:174,0
DA:175,0
DA:177,0
DA:178,0
DA:179,0
DA:180,0
DA:181,0
DA:182,0
DA:183,0
DA:184,0
DA:189,0
DA:191,0
DA:192,0
DA:210,0
DA:211,0
DA:212,0
DA:214,0
DA:215,0
DA:216,0
DA:217,0
DA:221,0
DA:222,0
DA:223,0
DA:224,0
DA:225,0
DA:229,0
DA:240,0
DA:242,0
DA:243,0
DA:244,0
DA:246,0
DA:247,0
DA:248,0
DA:249,0
DA:251,0
DA:252,0
DA:253,0
DA:254,0
DA:261,0
DA:262,0
DA:263,0
DA:264,0
DA:265,0
DA:272,0
DA:273,0
DA:280,0
DA:281,0
DA:283,0
DA:284,0
DA:285,0
DA:287,0
DA:290,0
DA:297,0
DA:298,0
DA:301,0
DA:302,0
DA:303,0
DA:304,0
DA:308,0
DA:309,0
DA:310,0
DA:311,0
DA:312,0
DA:313,0
DA:317,0
DA:319,0
DA:330,0
DA:332,0
DA:333,0
DA:334,0
DA:335,0
DA:336,0
DA:338,0
DA:339,0
DA:340,0
DA:341,0
DA:342,0
DA:344,0
DA:346,0
DA:347,0
DA:348,0
DA:350,0
DA:351,0
DA:355,0
DA:356,0
DA:357,0
DA:358,0
DA:359,0
DA:361,0
DA:362,0
DA:366,0
DA:373,0
DA:374,0
DA:375,0
DA:376,0
DA:377,0
DA:382,0
LF:157
LH:0
BRDA:51,0,0,0
BRDA:62,1,0,0
BRDA:64,2,0,0
BRDA:66,3,0,0
BRDA:86,4,0,0
BRDA:86,4,1,0
BRDA:87,5,0,0
BRDA:87,6,0,0
BRDA:87,6,1,0
BRDA:100,7,0,0
BRDA:100,8,0,0
BRDA:100,8,1,0
BRDA:112,9,0,0
BRDA:112,10,0,0
BRDA:112,10,1,0
BRDA:140,11,0,0
BRDA:143,12,0,0
BRDA:143,12,1,0
BRDA:168,13,0,0
BRDA:191,14,0,0
BRDA:191,14,1,0
BRDA:216,15,0,0
BRDA:223,16,0,0
BRDA:246,17,0,0
BRDA:246,17,1,0
BRDA:248,18,0,0
BRDA:251,19,0,0
BRDA:253,20,0,0
BRDA:265,21,0,0
BRDA:265,21,1,0
BRDA:265,21,2,0
BRDA:281,22,0,0
BRDA:284,23,0,0
BRDA:303,24,0,0
BRDA:310,25,0,0
BRDA:310,26,0,0
BRDA:310,26,1,0
BRDA:312,27,0,0
BRDA:332,28,0,0
BRDA:339,29,0,0
BRDA:340,30,0,0
BRDA:341,31,0,0
BRDA:342,32,0,0
BRDA:350,33,0,0
BRDA:355,34,0,0
BRDA:361,35,0,0
BRDA:374,36,0,0
BRDA:377,37,0,0
BRDA:377,37,1,0
BRF:49
BRH:0
end_of_record
TN:
SF:src/commands/plan.ts
FN:85,(anonymous_0)
FN:140,(anonymous_1)
FN:160,(anonymous_2)
FN:161,(anonymous_3)
FN:191,(anonymous_4)
FN:193,(anonymous_5)
FN:252,(anonymous_6)
FN:266,(anonymous_7)
FN:297,normalizeStringList
FN:300,(anonymous_9)
FN:306,buildTaskDependencies
FN:309,(anonymous_11)
FN:316,(anonymous_12)
FN:328,buildExecutionGraph
FN:339,(anonymous_14)
FN:341,(anonymous_15)
FN:343,(anonymous_16)
FN:353,(anonymous_17)
FN:364,getStructureLabel
FN:370,formatTaskSummary
FN:381,truncateText
FN:388,isTransientFsError
FN:394,retryWithBackoff
FN:405,(anonymous_23)
FN:413,rollbackPlanFile
FNF:25
FNH:0
FNDA:0,(anonymous_0)
FNDA:0,(anonymous_1)
FNDA:0,(anonymous_2)
FNDA:0,(anonymous_3)
FNDA:0,(anonymous_4)
FNDA:0,(anonymous_5)
FNDA:0,(anonymous_6)
FNDA:0,(anonymous_7)
FNDA:0,normalizeStringList
FNDA:0,(anonymous_9)
FNDA:0,buildTaskDependencies
FNDA:0,(anonymous_11)
FNDA:0,(anonymous_12)
FNDA:0,buildExecutionGraph
FNDA:0,(anonymous_14)
FNDA:0,(anonymous_15)
FNDA:0,(anonymous_16)
FNDA:0,(anonymous_17)
FNDA:0,getStructureLabel
FNDA:0,formatTaskSummary
FNDA:0,truncateText
FNDA:0,isTransientFsError
FNDA:0,retryWithBackoff
FNDA:0,(anonymous_23)
FNDA:0,rollbackPlanFile
DA:1,0
DA:2,0
DA:3,0
DA:4,0
DA:5,0
DA:6,0
DA:7,0
DA:8,0
DA:9,0
DA:10,0
DA:50,0
DA:52,0
DA:86,0
DA:87,0
DA:88,0
DA:89,0
DA:92,0
DA:95,0
DA:96,0
DA:109,0
DA:110,0
DA:112,0
DA:125,0
DA:126,0
DA:127,0
DA:140,0
DA:149,0
DA:150,0
DA:151,0
DA:152,0
DA:159,0
DA:160,0
DA:161,0
DA:164,0
DA:165,0
DA:167,0
DA:185,0
DA:187,0
DA:188,0
DA:190,0
DA:191,0
DA:192,0
DA:193,0
DA:201,0
DA:202,0
DA:204,0
DA:205,0
DA:218,0
DA:219,0
DA:220,0
DA:230,0
DA:231,0
DA:232,0
DA:233,0
DA:234,0
DA:237,0
DA:238,0
DA:239,0
DA:240,0
DA:241,0
DA:244,0
DA:245,0
DA:246,0
DA:247,0
DA:249,0
DA:251,0
DA:252,0
DA:253,0
DA:254,0
DA:255,0
DA:256,0
DA:258,0
DA:259,0
DA:260,0
DA:264,0
DA:265,0
DA:266,0
DA:267,0
DA:268,0
DA:269,0
DA:270,0
DA:274,0
DA:275,0
DA:276,0
DA:277,0
DA:278,0
DA:280,0
DA:283,0
DA:298,0
DA:299,0
DA:300,0
DA:302,0
DA:303,0
DA:307,0
DA:309,0
DA:310,0
DA:311,0
DA:313,0
DA:314,0
DA:315,0
DA:316,0
DA:317,0
DA:322,0
DA:325,0
DA:329,0
DA:330,0
DA:331,0
DA:333,0
DA:334,0
DA:337,0
DA:338,0
DA:339,0
DA:341,0
DA:342,0
DA:343,0
DA:344,0
DA:348,0
DA:349,0
DA:350,0
DA:353,0
DA:354,0
DA:355,0
DA:358,0
DA:361,0
DA:365,0
DA:366,0
DA:367,0
DA:371,0
DA:372,0
DA:373,0
DA:375,0
DA:376,0
DA:378,0
DA:382,0
DA:383,0
DA:386,0
DA:389,0
DA:390,0
DA:391,0
DA:395,0
DA:397,0
DA:398,0
DA:399,0
DA:401,0
DA:402,0
DA:404,0
DA:405,0
DA:406,0
DA:410,0
DA:414,0
DA:415,0
DA:416,0
LF:152
LH:0
BRDA:95,0,0,0
BRDA:114,1,0,0
BRDA:114,1,1,0
BRDA:126,2,0,0
BRDA:151,3,0,0
BRDA:151,3,1,0
BRDA:153,4,0,0
BRDA:153,4,1,0
BRDA:154,5,0,0
BRDA:154,5,1,0
BRDA:155,6,0,0
BRDA:155,6,1,0
BRDA:201,7,0,0
BRDA:204,8,0,0
BRDA:204,8,1,0
BRDA:230,9,0,0
BRDA:237,10,0,0
BRDA:249,11,0,0
BRDA:249,11,1,0
BRDA:255,12,0,0
BRDA:255,13,0,0
BRDA:255,13,1,0
BRDA:268,14,0,0
BRDA:285,15,0,0
BRDA:285,15,1,0
BRDA:298,16,0,0
BRDA:299,17,0,0
BRDA:303,18,0,0
BRDA:303,18,1,0
BRDA:310,19,0,0
BRDA:310,19,1,0
BRDA:313,20,0,0
BRDA:315,21,0,0
BRDA:315,21,1,0
BRDA:316,22,0,0
BRDA:342,23,0,0
BRDA:342,23,1,0
BRDA:343,24,0,0
BRDA:348,25,0,0
BRDA:365,26,0,0
BRDA:366,27,0,0
BRDA:372,28,0,0
BRDA:375,29,0,0
BRDA:382,30,0,0
BRDA:389,31,0,0
BRDA:389,32,0,0
BRDA:389,32,1,0
BRDA:391,33,0,0
BRDA:391,33,1,0
BRDA:394,34,0,0
BRDA:394,35,0,0
BRDA:401,36,0,0
BRDA:401,37,0,0
BRDA:401,37,1,0
BRDA:414,38,0,0
BRF:55
BRH:0
end_of_record
TN:
SF:src/commands/progress.ts
FN:27,(anonymous_0)
FN:124,formatLoopVisual
FN:127,(anonymous_2)
FN:156,getApplyTaskContext
FN:187,resolveActiveTaskIndex
FN:218,resolveActiveTaskName
FN:236,resolveTimeInProgress
FN:250,resolveTaskStartTime
FN:290,formatDuration
FN:311,buildApplyGuidance
FN:327,getNumberValue
FN:337,getStringValue
FNF:12
FNH:0
FNDA:0,(anonymous_0)
FNDA:0,formatLoopVisual
FNDA:0,(anonymous_2)
FNDA:0,getApplyTaskContext
FNDA:0,resolveActiveTaskIndex
FNDA:0,resolveActiveTaskName
FNDA:0,resolveTimeInProgress
FNDA:0,resolveTaskStartTime
FNDA:0,formatDuration
FNDA:0,buildApplyGuidance
FNDA:0,getNumberValue
FNDA:0,getStringValue
DA:1,0
DA:2,0
DA:3,0
DA:4,0
DA:5,0
DA:9,0
DA:10,0
DA:22,0
DA:28,0
DA:29,0
DA:32,0
DA:33,0
DA:41,0
DA:42,0
DA:44,0
DA:45,0
DA:53,0
DA:54,0
DA:55,0
DA:58,0
DA:61,0
DA:62,0
DA:63,0
DA:64,0
DA:66,0
DA:67,0
DA:68,0
DA:69,0
DA:70,0
DA:72,0
DA:73,0
DA:74,0
DA:75,0
DA:77,0
DA:78,0
DA:83,0
DA:84,0
DA:85,0
DA:88,0
DA:92,0
DA:93,0
DA:94,0
DA:95,0
DA:96,0
DA:104,0
DA:106,0
DA:107,0
DA:125,0
DA:127,0
DA:128,0
DA:130,0
DA:134,0
DA:135,0
DA:137,0
DA:139,0
DA:143,0
DA:146,0
DA:160,0
DA:161,0
DA:162,0
DA:163,0
DA:165,0
DA:169,0
DA:173,0
DA:179,0
DA:191,0
DA:192,0
DA:195,0
DA:203,0
DA:204,0
DA:207,0
DA:208,0
DA:211,0
DA:212,0
DA:215,0
DA:223,0
DA:225,0
DA:226,0
DA:229,0
DA:230,0
DA:233,0
DA:240,0
DA:242,0
DA:243,0
DA:246,0
DA:247,0
DA:254,0
DA:255,0
DA:258,0
DA:264,0
DA:265,0
DA:268,0
DA:270,0
DA:271,0
DA:274,0
DA:275,0
DA:276,0
DA:279,0
DA:280,0
DA:281,0
DA:282,0
DA:283,0
DA:284,0
DA:287,0
DA:291,0
DA:292,0
DA:295,0
DA:296,0
DA:297,0
DA:298,0
DA:300,0
DA:301,0
DA:304,0
DA:305,0
DA:308,0
DA:316,0
DA:317,0
DA:320,0
DA:321,0
DA:324,0
DA:328,0
DA:329,0
DA:330,0
DA:334,0
DA:338,0
DA:339,0
DA:340,0
DA:344,0
LF:128
LH:0
BRDA:32,0,0,0
BRDA:44,1,0,0
BRDA:66,2,0,0
BRDA:69,3,0,0
BRDA:69,3,1,0
BRDA:77,4,0,0
BRDA:83,5,0,0
BRDA:84,6,0,0
BRDA:88,7,0,0
BRDA:88,7,1,0
BRDA:106,8,0,0
BRDA:106,8,1,0
BRDA:128,9,0,0
BRDA:137,10,0,0
BRDA:160,11,0,0
BRDA:160,11,1,0
BRDA:165,12,0,0
BRDA:165,12,1,0
BRDA:165,13,0,0
BRDA:165,13,1,0
BRDA:165,13,2,0
BRDA:167,14,0,0
BRDA:167,14,1,0
BRDA:169,15,0,0
BRDA:169,15,1,0
BRDA:170,16,0,0
BRDA:170,16,1,0
BRDA:191,17,0,0
BRDA:203,18,0,0
BRDA:207,19,0,0
BRDA:207,20,0,0
BRDA:207,20,1,0
BRDA:211,21,0,0
BRDA:211,22,0,0
BRDA:211,22,1,0
BRDA:225,23,0,0
BRDA:229,24,0,0
BRDA:229,25,0,0
BRDA:229,25,1,0
BRDA:229,25,2,0
BRDA:229,25,3,0
BRDA:230,26,0,0
BRDA:230,26,1,0
BRDA:242,27,0,0
BRDA:254,28,0,0
BRDA:264,29,0,0
BRDA:268,30,0,0
BRDA:268,30,1,0
BRDA:270,31,0,0
BRDA:270,32,0,0
BRDA:270,32,1,0
BRDA:274,33,0,0
BRDA:276,34,0,0
BRDA:276,34,1,0
BRDA:279,35,0,0
BRDA:283,36,0,0
BRDA:283,36,1,0
BRDA:284,37,0,0
BRDA:284,37,1,0
BRDA:291,38,0,0
BRDA:291,39,0,0
BRDA:291,39,1,0
BRDA:300,40,0,0
BRDA:304,41,0,0
BRDA:316,42,0,0
BRDA:320,43,0,0
BRDA:320,44,0,0
BRDA:320,44,1,0
BRDA:329,45,0,0
BRDA:329,46,0,0
BRDA:329,46,1,0
BRDA:339,47,0,0
BRDA:339,48,0,0
BRDA:339,48,1,0
BRF:74
BRH:0
end_of_record
TN:
SF:src/commands/remove-phase.ts
FN:25,(anonymous_0)
FNF:1
FNH:0
FNDA:0,(anonymous_0)
DA:1,0
DA:2,0
DA:3,0
DA:4,0
DA:5,0
DA:20,0
DA:26,0
DA:27,0
DA:30,0
DA:31,0
DA:32,0
DA:42,0
DA:43,0
DA:46,0
DA:47,0
DA:48,0
DA:49,0
DA:52,0
DA:56,0
DA:58,0
DA:59,0
DA:71,0
DA:73,0
DA:74,0
DA:85,0
DA:86,0
DA:88,0
DA:89,0
DA:92,0
DA:99,0
DA:101,0
DA:102,0
LF:32
LH:0
BRDA:31,0,0,0
BRDA:46,1,0,0
BRDA:46,1,1,0
BRDA:48,2,0,0
BRDA:48,2,1,0
BRDA:58,3,0,0
BRDA:73,4,0,0
BRDA:88,5,0,0
BRDA:101,6,0,0
BRDA:101,6,1,0
BRF:10
BRH:0
end_of_record
TN:
SF:src/commands/resume.ts
FN:40,(anonymous_0)
FN:171,formatResumeConfirmation
FN:180,(anonymous_2)
FN:193,buildContextSources
FN:205,readContextSource
FN:223,buildPreview
FN:226,(anonymous_6)
FN:236,validateResumePreconditions
FN:285,resolveRoadmapPath
FN:297,phaseExistsInRoadmap
FN:314,computeFileChecksums
FN:343,detectFileChanges
FN:391,collectChecksums
FN:416,isSnapshotPath
FN:427,computeFileChecksum
FN:432,readTextFile
FN:445,formatLoopVisual
FN:448,(anonymous_17)
FNF:18
FNH:0
FNDA:0,(anonymous_0)
FNDA:0,formatResumeConfirmation
FNDA:0,(anonymous_2)
FNDA:0,buildContextSources
FNDA:0,readContextSource
FNDA:0,buildPreview
FNDA:0,(anonymous_6)
FNDA:0,validateResumePreconditions
FNDA:0,resolveRoadmapPath
FNDA:0,phaseExistsInRoadmap
FNDA:0,computeFileChecksums
FNDA:0,detectFileChanges
FNDA:0,collectChecksums
FNDA:0,isSnapshotPath
FNDA:0,computeFileChecksum
FNDA:0,readTextFile
FNDA:0,formatLoopVisual
FNDA:0,(anonymous_17)
DA:1,0
DA:2,0
DA:3,0
DA:4,0
DA:5,0
DA:6,0
DA:7,0
DA:8,0
DA:9,0
DA:10,0
DA:11,0
DA:32,0
DA:34,0
DA:41,0
DA:42,0
DA:43,0
DA:44,0
DA:47,0
DA:49,0
DA:50,0
DA:59,0
DA:60,0
DA:64,0
DA:65,0
DA:66,0
DA:76,0
DA:77,0
DA:78,0
DA:88,0
DA:98,0
DA:101,0
DA:102,0
DA:105,0
DA:107,0
DA:108,0
DA:109,0
DA:111,0
DA:112,0
DA:113,0
DA:116,0
DA:117,0
DA:118,0
DA:122,0
DA:124,0
DA:125,0
DA:127,0
DA:131,0
DA:132,0
DA:136,0
DA:137,0
DA:140,0
DA:141,0
DA:143,0
DA:149,0
DA:151,0
DA:152,0
DA:172,0
DA:173,0
DA:174,0
DA:175,0
DA:176,0
DA:177,0
DA:179,0
DA:180,0
DA:181,0
DA:182,0
DA:184,0
DA:185,0
DA:190,0
DA:194,0
DA:195,0
DA:196,0
DA:197,0
DA:199,0
DA:206,0
DA:207,0
DA:210,0
DA:211,0
DA:212,0
DA:219,0
DA:224,0
DA:226,0
DA:229,0
DA:230,0
DA:232,0
DA:233,0
DA:242,0
DA:244,0
DA:247,0
DA:248,0
DA:249,0
DA:250,0
DA:253,0
DA:254,0
DA:255,0
DA:258,0
DA:259,0
DA:260,0
DA:261,0
DA:262,0
DA:265,0
DA:266,0
DA:269,0
DA:286,0
DA:287,0
DA:288,0
DA:290,0
DA:291,0
DA:292,0
DA:294,0
DA:298,0
DA:299,0
DA:300,0
DA:301,0
DA:302,0
DA:304,0
DA:315,0
DA:316,0
DA:317,0
DA:319,0
DA:320,0
DA:321,0
DA:322,0
DA:326,0
DA:327,0
DA:328,0
DA:329,0
DA:333,0
DA:348,0
DA:349,0
DA:352,0
DA:353,0
DA:355,0
DA:356,0
DA:357,0
DA:362,0
DA:363,0
DA:364,0
DA:365,0
DA:374,0
DA:375,0
DA:376,0
DA:377,0
DA:385,0
DA:396,0
DA:398,0
DA:399,0
DA:400,0
DA:402,0
DA:403,0
DA:404,0
DA:405,0
DA:407,0
DA:408,0
DA:409,0
DA:410,0
DA:417,0
DA:418,0
DA:419,0
DA:420,0
DA:421,0
DA:428,0
DA:429,0
DA:433,0
DA:434,0
DA:436,0
DA:446,0
DA:448,0
DA:449,0
DA:451,0
DA:455,0
DA:456,0
DA:458,0
DA:460,0
DA:464,0
DA:467,0
LF:176
LH:0
BRDA:49,0,0,0
BRDA:59,1,0,0
BRDA:65,2,0,0
BRDA:77,3,0,0
BRDA:111,4,0,0
BRDA:116,5,0,0
BRDA:124,6,0,0
BRDA:124,6,1,0
BRDA:131,7,0,0
BRDA:151,8,0,0
BRDA:151,8,1,0
BRDA:181,9,0,0
BRDA:181,9,1,0
BRDA:197,10,0,0
BRDA:197,10,1,0
BRDA:206,11,0,0
BRDA:229,12,0,0
BRDA:233,13,0,0
BRDA:233,13,1,0
BRDA:244,14,0,0
BRDA:244,14,1,0
BRDA:247,15,0,0
BRDA:247,15,1,0
BRDA:249,16,0,0
BRDA:254,17,0,0
BRDA:259,18,0,0
BRDA:259,18,1,0
BRDA:261,19,0,0
BRDA:265,20,0,0
BRDA:265,21,0,0
BRDA:265,21,1,0
BRDA:273,22,0,0
BRDA:273,22,1,0
BRDA:287,23,0,0
BRDA:291,24,0,0
BRDA:302,25,0,0
BRDA:302,25,1,0
BRDA:321,26,0,0
BRDA:328,27,0,0
BRDA:355,28,0,0
BRDA:355,28,1,0
BRDA:356,29,0,0
BRDA:356,29,1,0
BRDA:362,30,0,0
BRDA:363,31,0,0
BRDA:363,31,1,0
BRDA:364,32,0,0
BRDA:364,32,1,0
BRDA:375,33,0,0
BRDA:376,34,0,0
BRDA:376,34,1,0
BRDA:402,35,0,0
BRDA:402,35,1,0
BRDA:404,36,0,0
BRDA:407,37,0,0
BRDA:409,38,0,0
BRDA:421,39,0,0
BRDA:421,39,1,0
BRDA:421,39,2,0
BRDA:449,40,0,0
BRDA:458,41,0,0
BRF:61
BRH:0
end_of_record
TN:
SF:src/commands/status.ts
FN:28,(anonymous_0)
FN:167,formatLoopVisual
FN:170,(anonymous_2)
FN:197,getCompletedTaskCount
FN:211,resolvePlanCounts
FN:241,getNumberValue
FN:251,normalizeNextAction
FNF:7
FNH:0
FNDA:0,(anonymous_0)
FNDA:0,formatLoopVisual
FNDA:0,(anonymous_2)
FNDA:0,getCompletedTaskCount
FNDA:0,resolvePlanCounts
FNDA:0,getNumberValue
FNDA:0,normalizeNextAction
DA:1,0
DA:2,0
DA:3,0
DA:4,0
DA:5,0
DA:6,0
DA:9,0
DA:10,0
DA:23,0
DA:29,0
DA:30,0
DA:33,0
DA:34,0
DA:42,0
DA:43,0
DA:44,0
DA:47,0
DA:49,0
DA:50,0
DA:58,0
DA:59,0
DA:60,0
DA:63,0
DA:66,0
DA:67,0
DA:68,0
DA:69,0
DA:72,0
DA:73,0
DA:74,0
DA:78,0
DA:81,0
DA:82,0
DA:84,0
DA:85,0
DA:88,0
DA:89,0
DA:92,0
DA:93,0
DA:95,0
DA:99,0
DA:100,0
DA:102,0
DA:103,0
DA:105,0
DA:106,0
DA:107,0
DA:108,0
DA:110,0
DA:112,0
DA:115,0
DA:118,0
DA:119,0
DA:120,0
DA:125,0
DA:126,0
DA:129,0
DA:130,0
DA:131,0
DA:132,0
DA:133,0
DA:137,0
DA:138,0
DA:147,0
DA:149,0
DA:150,0
DA:168,0
DA:170,0
DA:171,0
DA:173,0
DA:177,0
DA:178,0
DA:180,0
DA:182,0
DA:186,0
DA:189,0
DA:198,0
DA:199,0
DA:203,0
DA:208,0
DA:214,0
DA:215,0
DA:218,0
DA:219,0
DA:220,0
DA:226,0
DA:227,0
DA:230,0
DA:231,0
DA:233,0
DA:234,0
DA:235,0
DA:238,0
DA:242,0
DA:243,0
DA:244,0
DA:248,0
DA:252,0
LF:98
LH:0
BRDA:33,0,0,0
BRDA:49,1,0,0
BRDA:72,2,0,0
BRDA:72,3,0,0
BRDA:72,3,1,0
BRDA:82,4,0,0
BRDA:82,4,1,0
BRDA:88,5,0,0
BRDA:99,6,0,0
BRDA:102,7,0,0
BRDA:102,7,1,0
BRDA:105,8,0,0
BRDA:105,8,1,0
BRDA:119,9,0,0
BRDA:129,10,0,0
BRDA:149,11,0,0
BRDA:149,11,1,0
BRDA:171,12,0,0
BRDA:180,13,0,0
BRDA:198,14,0,0
BRDA:203,15,0,0
BRDA:203,15,1,0
BRDA:203,15,2,0
BRDA:203,15,3,0
BRDA:208,16,0,0
BRDA:208,16,1,0
BRDA:214,17,0,0
BRDA:218,18,0,0
BRDA:218,18,1,0
BRDA:226,19,0,0
BRDA:226,20,0,0
BRDA:226,20,1,0
BRDA:233,21,0,0
BRDA:234,22,0,0
BRDA:234,22,1,0
BRDA:243,23,0,0
BRDA:243,24,0,0
BRDA:243,24,1,0
BRF:38
BRH:0
end_of_record
TN:
SF:src/commands/unify.ts
FN:97,(anonymous_0)
FN:182,(anonymous_1)
FN:189,(anonymous_2)
FN:252,formatUnifyOutput
FN:283,(anonymous_4)
FN:343,normalizeTaskName
FN:347,parseActuals
FN:393,parseCriteriaResults
FN:439,buildSummaryTasks
FN:441,(anonymous_9)
FN:445,(anonymous_10)
FN:462,deriveSummaryStatus
FN:467,(anonymous_12)
FN:471,(anonymous_13)
FN:478,buildReconciliation
FN:484,(anonymous_15)
FN:489,(anonymous_16)
FN:494,(anonymous_17)
FN:495,(anonymous_18)
FN:498,(anonymous_19)
FN:499,(anonymous_20)
FN:502,(anonymous_21)
FN:503,(anonymous_22)
FN:504,(anonymous_23)
FN:512,formatArgumentError
FNF:25
FNH:0
FNDA:0,(anonymous_0)
FNDA:0,(anonymous_1)
FNDA:0,(anonymous_2)
FNDA:0,formatUnifyOutput
FNDA:0,(anonymous_4)
FNDA:0,normalizeTaskName
FNDA:0,parseActuals
FNDA:0,parseCriteriaResults
FNDA:0,buildSummaryTasks
FNDA:0,(anonymous_9)
FNDA:0,(anonymous_10)
FNDA:0,deriveSummaryStatus
FNDA:0,(anonymous_12)
FNDA:0,(anonymous_13)
FNDA:0,buildReconciliation
FNDA:0,(anonymous_15)
FNDA:0,(anonymous_16)
FNDA:0,(anonymous_17)
FNDA:0,(anonymous_18)
FNDA:0,(anonymous_19)
FNDA:0,(anonymous_20)
FNDA:0,(anonymous_21)
FNDA:0,(anonymous_22)
FNDA:0,(anonymous_23)
FNDA:0,formatArgumentError
DA:1,0
DA:2,0
DA:3,0
DA:4,0
DA:5,0
DA:6,0
DA:12,0
DA:60,0
DA:62,0
DA:98,0
DA:99,0
DA:100,0
DA:101,0
DA:104,0
DA:107,0
DA:108,0
DA:114,0
DA:115,0
DA:118,0
DA:119,0
DA:120,0
DA:121,0
DA:128,0
DA:132,0
DA:133,0
DA:134,0
DA:145,0
DA:147,0
DA:148,0
DA:157,0
DA:158,0
DA:160,0
DA:167,0
DA:168,0
DA:169,0
DA:172,0
DA:173,0
DA:174,0
DA:177,0
DA:180,0
DA:182,0
DA:188,0
DA:189,0
DA:191,0
DA:202,0
DA:205,0
DA:208,0
DA:217,0
DA:218,0
DA:226,0
DA:235,0
DA:259,0
DA:262,0
DA:268,0
DA:280,0
DA:281,0
DA:282,0
DA:283,0
DA:284,0
DA:286,0
DA:287,0
DA:288,0
DA:291,0
DA:295,0
DA:296,0
DA:297,0
DA:298,0
DA:299,0
DA:302,0
DA:303,0
DA:304,0
DA:306,0
DA:307,0
DA:309,0
DA:310,0
DA:311,0
DA:312,0
DA:313,0
DA:314,0
DA:315,0
DA:316,0
DA:317,0
DA:318,0
DA:319,0
DA:320,0
DA:323,0
DA:324,0
DA:325,0
DA:326,0
DA:327,0
DA:332,0
DA:333,0
DA:334,0
DA:335,0
DA:336,0
DA:337,0
DA:338,0
DA:340,0
DA:344,0
DA:351,0
DA:352,0
DA:355,0
DA:356,0
DA:359,0
DA:361,0
DA:362,0
DA:363,0
DA:364,0
DA:365,0
DA:367,0
DA:368,0
DA:371,0
DA:372,0
DA:373,0
DA:374,0
DA:376,0
DA:377,0
DA:378,0
DA:380,0
DA:381,0
DA:383,0
DA:384,0
DA:387,0
DA:390,0
DA:397,0
DA:398,0
DA:401,0
DA:402,0
DA:405,0
DA:407,0
DA:408,0
DA:409,0
DA:410,0
DA:411,0
DA:413,0
DA:414,0
DA:417,0
DA:418,0
DA:419,0
DA:420,0
DA:422,0
DA:423,0
DA:424,0
DA:426,0
DA:427,0
DA:429,0
DA:430,0
DA:433,0
DA:436,0
DA:440,0
DA:441,0
DA:442,0
DA:445,0
DA:446,0
DA:447,0
DA:448,0
DA:454,0
DA:463,0
DA:464,0
DA:467,0
DA:468,0
DA:471,0
DA:472,0
DA:475,0
DA:483,0
DA:484,0
DA:485,0
DA:488,0
DA:489,0
DA:490,0
DA:493,0
DA:494,0
DA:495,0
DA:497,0
DA:498,0
DA:499,0
DA:501,0
DA:502,0
DA:503,0
DA:505,0
DA:506,0
DA:509,0
DA:513,0
LF:183
LH:0
BRDA:107,0,0,0
BRDA:114,1,0,0
BRDA:114,1,1,0
BRDA:115,2,0,0
BRDA:115,2,1,0
BRDA:118,3,0,0
BRDA:120,4,0,0
BRDA:120,5,0,0
BRDA:120,5,1,0
BRDA:133,6,0,0
BRDA:147,7,0,0
BRDA:163,8,0,0
BRDA:163,8,1,0
BRDA:168,9,0,0
BRDA:173,10,0,0
BRDA:180,11,0,0
BRDA:180,11,1,0
BRDA:188,12,0,0
BRDA:188,12,1,0
BRDA:238,13,0,0
BRDA:238,13,1,0
BRDA:280,14,0,0
BRDA:284,15,0,0
BRDA:284,15,1,0
BRDA:285,16,0,0
BRDA:285,16,1,0
BRDA:287,17,0,0
BRDA:295,18,0,0
BRDA:302,19,0,0
BRDA:302,19,1,0
BRDA:303,20,0,0
BRDA:309,21,0,0
BRDA:323,22,0,0
BRDA:351,23,0,0
BRDA:355,24,0,0
BRDA:362,25,0,0
BRDA:364,26,0,0
BRDA:371,27,0,0
BRDA:371,28,0,0
BRDA:371,28,1,0
BRDA:372,29,0,0
BRDA:372,29,1,0
BRDA:373,30,0,0
BRDA:376,31,0,0
BRDA:376,31,1,0
BRDA:377,32,0,0
BRDA:380,33,0,0
BRDA:380,34,0,0
BRDA:380,34,1,0
BRDA:397,35,0,0
BRDA:401,36,0,0
BRDA:408,37,0,0
BRDA:410,38,0,0
BRDA:417,39,0,0
BRDA:417,40,0,0
BRDA:417,40,1,0
BRDA:418,41,0,0
BRDA:418,41,1,0
BRDA:419,42,0,0
BRDA:422,43,0,0
BRDA:422,43,1,0
BRDA:423,44,0,0
BRDA:426,45,0,0
BRDA:426,46,0,0
BRDA:426,46,1,0
BRDA:447,47,0,0
BRDA:463,48,0,0
BRDA:467,49,0,0
BRDA:471,50,0,0
BRDA:503,51,0,0
BRDA:503,51,1,0
BRDA:505,52,0,0
BRDA:505,52,1,0
BRF:73
BRH:0
end_of_record
TN:
SF:src/output/diff-formatter.ts
FN:34,formatFileDiff
FN:37,(anonymous_1)
FN:45,(anonymous_2)
FN:71,formatDiff
FN:77,(anonymous_4)
FN:78,(anonymous_5)
FN:79,(anonymous_6)
FN:117,formatStalenessWarning
FN:127,getTypeIndicator
FNF:9
FNH:0
FNDA:0,formatFileDiff
FNDA:0,(anonymous_1)
FNDA:0,(anonymous_2)
FNDA:0,formatDiff
FNDA:0,(anonymous_4)
FNDA:0,(anonymous_5)
FNDA:0,(anonymous_6)
FNDA:0,formatStalenessWarning
FNDA:0,getTypeIndicator
DA:1,0
DA:34,0
DA:35,0
DA:37,0
DA:38,0
DA:41,0
DA:42,0
DA:45,0
DA:46,0
DA:47,0
DA:49,0
DA:50,0
DA:52,0
DA:56,0
DA:71,0
DA:72,0
DA:73,0
DA:77,0
DA:78,0
DA:79,0
DA:82,0
DA:83,0
DA:86,0
DA:87,0
DA:88,0
DA:91,0
DA:92,0
DA:93,0
DA:94,0
DA:95,0
DA:96,0
DA:98,0
DA:101,0
DA:104,0
DA:117,0
DA:118,0
DA:119,0
DA:121,0
DA:128,0
DA:133,0
LF:40
LH:0
BRDA:41,0,0,0
BRDA:46,1,0,0
BRDA:49,2,0,0
BRDA:72,3,0,0
BRDA:91,4,0,0
BRDA:93,5,0,0
BRDA:93,5,1,0
BRDA:118,6,0,0
BRF:8
BRH:0
end_of_record
TN:
SF:src/output/error-formatter.ts
FN:41,formatGuidedError
FN:55,(anonymous_1)
FNF:2
FNH:0
FNDA:0,formatGuidedError
FNDA:0,(anonymous_1)
DA:41,0
DA:42,0
DA:44,0
DA:45,0
DA:47,0
DA:48,0
DA:51,0
DA:53,0
DA:54,0
DA:55,0
DA:56,0
DA:58,0
DA:61,0
DA:62,0
DA:63,0
DA:65,0
LF:16
LH:0
BRDA:47,0,0,0
BRDA:53,1,0,0
BRF:2
BRH:0
end_of_record
TN:
SF:src/output/formatter.ts
FN:43,formatHeader
FN:57,formatBold
FN:70,formatItalic
FN:83,formatCode
FN:98,formatCodeBlock
FN:117,formatList
FN:119,(anonymous_6)
FN:134,formatExecutionGraph
FN:139,(anonymous_8)
FN:153,formatKeyValue
FN:155,(anonymous_10)
FN:171,formatStatus
FN:185,formatComparisonItems
FN:196,formatCriteriaResults
FN:202,(anonymous_14)
FNF:15
FNH:0
FNDA:0,formatHeader
FNDA:0,formatBold
FNDA:0,formatItalic
FNDA:0,formatCode
FNDA:0,formatCodeBlock
FNDA:0,formatList
FNDA:0,(anonymous_6)
FNDA:0,formatExecutionGraph
FNDA:0,(anonymous_8)
FNDA:0,formatKeyValue
FNDA:0,(anonymous_10)
FNDA:0,formatStatus
FNDA:0,formatComparisonItems
FNDA:0,formatCriteriaResults
FNDA:0,(anonymous_14)
DA:43,0
DA:44,0
DA:45,0
DA:57,0
DA:58,0
DA:70,0
DA:71,0
DA:83,0
DA:84,0
DA:98,0
DA:99,0
DA:100,0
DA:117,0
DA:118,0
DA:120,0
DA:121,0
DA:123,0
DA:134,0
DA:135,0
DA:136,0
DA:139,0
DA:140,0
DA:153,0
DA:154,0
DA:155,0
DA:171,0
DA:172,0
DA:179,0
DA:185,0
DA:186,0
DA:187,0
DA:190,0
DA:196,0
DA:197,0
DA:198,0
DA:201,0
DA:203,0
DA:204,0
DA:205,0
LF:39
LH:0
BRDA:99,0,0,0
BRDA:99,0,1,0
BRDA:117,1,0,0
BRDA:120,2,0,0
BRDA:135,3,0,0
BRDA:135,4,0,0
BRDA:135,4,1,0
BRDA:185,5,0,0
BRDA:186,6,0,0
BRDA:197,7,0,0
BRDA:203,8,0,0
BRDA:203,8,1,0
BRDA:204,9,0,0
BRDA:204,9,1,0
BRF:14
BRH:0
end_of_record
TN:
SF:src/output/progress-bar.ts
FN:21,progressBar
FNF:1
FNH:0
FNDA:0,progressBar
DA:21,0
DA:27,0
DA:28,0
DA:32,0
DA:35,0
DA:36,0
DA:39,0
DA:40,0
DA:41,0
DA:43,0
LF:10
LH:0
BRDA:24,0,0,0
BRDA:27,1,0,0
BRF:2
BRH:0
end_of_record
TN:
SF:src/roadmap/index.ts
FN:1,(anonymous_0)
FNF:1
FNH:0
FNDA:0,(anonymous_0)
DA:1,0
LF:1
LH:0
BRF:0
BRH:0
end_of_record
TN:
SF:src/roadmap/roadmap-manager.ts
FN:16,(anonymous_0)
FN:26,(anonymous_1)
FN:41,(anonymous_2)
FN:55,(anonymous_3)
FN:94,(anonymous_4)
FN:112,(anonymous_5)
FN:124,(anonymous_6)
FN:144,(anonymous_7)
FN:168,(anonymous_8)
FN:281,(anonymous_9)
FN:309,(anonymous_10)
FN:325,(anonymous_11)
FN:353,(anonymous_12)
FN:367,(anonymous_13)
FN:403,(anonymous_14)
FN:410,(anonymous_15)
FN:432,(anonymous_16)
FNF:17
FNH:0
FNDA:0,(anonymous_0)
FNDA:0,(anonymous_1)
FNDA:0,(anonymous_2)
FNDA:0,(anonymous_3)
FNDA:0,(anonymous_4)
FNDA:0,(anonymous_5)
FNDA:0,(anonymous_6)
FNDA:0,(anonymous_7)
FNDA:0,(anonymous_8)
FNDA:0,(anonymous_9)
FNDA:0,(anonymous_10)
FNDA:0,(anonymous_11)
FNDA:0,(anonymous_12)
FNDA:0,(anonymous_13)
FNDA:0,(anonymous_14)
FNDA:0,(anonymous_15)
FNDA:0,(anonymous_16)
DA:1,0
DA:2,0
DA:13,0
DA:17,0
DA:27,0
DA:28,0
DA:29,0
DA:31,0
DA:32,0
DA:33,0
DA:35,0
DA:42,0
DA:43,0
DA:44,0
DA:46,0
DA:56,0
DA:57,0
DA:58,0
DA:61,0
DA:62,0
DA:65,0
DA:67,0
DA:68,0
DA:69,0
DA:72,0
DA:73,0
DA:74,0
DA:76,0
DA:78,0
DA:87,0
DA:88,0
DA:89,0
DA:90,0
DA:91,0
DA:94,0
DA:95,0
DA:96,0
DA:97,0
DA:98,0
DA:102,0
DA:103,0
DA:104,0
DA:105,0
DA:107,0
DA:112,0
DA:114,0
DA:126,0
DA:134,0
DA:135,0
DA:145,0
DA:146,0
DA:147,0
DA:150,0
DA:154,0
DA:155,0
DA:157,0
DA:161,0
DA:164,0
DA:168,0
DA:170,0
DA:171,0
DA:172,0
DA:175,0
DA:176,0
DA:179,0
DA:180,0
DA:183,0
DA:184,0
DA:188,0
DA:202,0
DA:203,0
DA:205,0
DA:206,0
DA:208,0
DA:211,0
DA:215,0
DA:216,0
DA:218,0
DA:219,0
DA:220,0
DA:222,0
DA:225,0
DA:230,0
DA:231,0
DA:232,0
DA:234,0
DA:235,0
DA:236,0
DA:239,0
DA:241,0
DA:242,0
DA:244,0
DA:245,0
DA:246,0
DA:247,0
DA:253,0
DA:256,0
DA:257,0
DA:258,0
DA:260,0
DA:261,0
DA:263,0
DA:264,0
DA:268,0
DA:270,0
DA:282,0
DA:283,0
DA:286,0
DA:289,0
DA:290,0
DA:291,0
DA:295,0
DA:296,0
DA:297,0
DA:300,0
DA:310,0
DA:311,0
DA:312,0
DA:314,0
DA:315,0
DA:316,0
DA:318,0
DA:326,0
DA:327,0
DA:329,0
DA:332,0
DA:335,0
DA:336,0
DA:338,0
DA:339,0
DA:340,0
DA:341,0
DA:342,0
DA:354,0
DA:357,0
DA:358,0
DA:359,0
DA:366,0
DA:367,0
DA:368,0
DA:369,0
DA:376,0
DA:377,0
DA:381,0
DA:382,0
DA:386,0
DA:387,0
DA:388,0
DA:391,0
DA:404,0
DA:405,0
DA:406,0
DA:409,0
DA:410,0
DA:412,0
DA:413,0
DA:420,0
DA:421,0
DA:424,0
DA:425,0
DA:428,0
DA:429,0
DA:432,0
DA:434,0
DA:435,0
DA:436,0
DA:437,0
DA:440,0
DA:441,0
DA:444,0
DA:445,0
DA:448,0
DA:449,0
DA:453,0
DA:456,0
DA:457,0
DA:459,0
DA:460,0
DA:463,0
LF:179
LH:0
BRDA:28,0,0,0
BRDA:32,1,0,0
BRDA:43,2,0,0
BRDA:57,3,0,0
BRDA:95,4,0,0
BRDA:102,5,0,0
BRDA:102,5,1,0
BRDA:102,6,0,0
BRDA:102,6,1,0
BRDA:102,6,2,0
BRDA:104,7,0,0
BRDA:104,7,1,0
BRDA:104,8,0,0
BRDA:104,8,1,0
BRDA:104,8,2,0
BRDA:146,9,0,0
BRDA:154,10,0,0
BRDA:154,10,1,0
BRDA:190,11,0,0
BRDA:190,11,1,0
BRDA:205,12,0,0
BRDA:205,12,1,0
BRDA:206,13,0,0
BRDA:206,13,1,0
BRDA:216,14,0,0
BRDA:216,14,1,0
BRDA:219,15,0,0
BRDA:219,15,1,0
BRDA:232,16,0,0
BRDA:235,17,0,0
BRDA:239,18,0,0
BRDA:241,19,0,0
BRDA:241,19,1,0
BRDA:244,20,0,0
BRDA:246,21,0,0
BRDA:246,21,1,0
BRDA:260,22,0,0
BRDA:263,23,0,0
BRDA:282,24,0,0
BRDA:290,25,0,0
BRDA:296,26,0,0
BRDA:311,27,0,0
BRDA:315,28,0,0
BRDA:327,29,0,0
BRDA:338,30,0,0
BRDA:358,31,0,0
BRDA:368,32,0,0
BRDA:376,33,0,0
BRDA:381,34,0,0
BRDA:387,35,0,0
BRDA:387,36,0,0
BRDA:387,36,1,0
BRDA:405,37,0,0
BRDA:412,38,0,0
BRDA:459,39,0,0
BRF:55
BRH:0
end_of_record
TN:
SF:src/state/loop-enforcer.ts
FN:19,(anonymous_0)
FN:26,(anonymous_1)
FN:43,(anonymous_2)
FN:57,(anonymous_3)
FN:64,(anonymous_4)
FNF:5
FNH:0
FNDA:0,(anonymous_0)
FNDA:0,(anonymous_1)
FNDA:0,(anonymous_2)
FNDA:0,(anonymous_3)
FNDA:0,(anonymous_4)
DA:2,0
DA:15,0
DA:20,0
DA:27,0
DA:28,0
DA:29,0
DA:31,0
DA:44,0
DA:49,0
DA:58,0
DA:65,0
DA:66,0
LF:12
LH:0
BRDA:27,0,0,0
BRDA:29,1,0,0
BRDA:29,1,1,0
BRDA:58,2,0,0
BRDA:58,2,1,0
BRDA:65,3,0,0
BRDA:67,4,0,0
BRDA:67,4,1,0
BRDA:69,5,0,0
BRDA:69,5,1,0
BRDA:70,6,0,0
BRDA:70,6,1,0
BRF:12
BRH:0
end_of_record
TN:
SF:src/state/state-manager.ts
FN:20,(anonymous_0)
FN:30,(anonymous_1)
FN:40,(anonymous_2)
FN:50,(anonymous_3)
FN:62,(anonymous_4)
FN:86,(anonymous_5)
FNF:6
FNH:0
FNDA:0,(anonymous_0)
FNDA:0,(anonymous_1)
FNDA:0,(anonymous_2)
FNDA:0,(anonymous_3)
FNDA:0,(anonymous_4)
FNDA:0,(anonymous_5)
DA:1,0
DA:16,0
DA:21,0
DA:22,0
DA:31,0
DA:41,0
DA:52,0
DA:53,0
DA:54,0
DA:56,0
DA:57,0
DA:61,0
DA:62,0
DA:65,0
DA:66,0
DA:70,0
DA:72,0
DA:73,0
DA:74,0
DA:76,0
DA:77,0
DA:80,0
DA:87,0
DA:92,0
LF:24
LH:0
BRDA:56,0,0,0
BRDA:65,1,0,0
BRDA:76,2,0,0
BRF:3
BRH:0
end_of_record
TN:
SF:src/storage/atomic-writes.ts
FN:19,atomicWrite
FN:64,atomicWriteValidated
FNF:2
FNH:0
FNDA:0,atomicWrite
FNDA:0,atomicWriteValidated
DA:1,0
DA:2,0
DA:3,0
DA:19,0
DA:24,0
DA:25,0
DA:26,0
DA:30,0
DA:32,0
DA:34,0
DA:35,0
DA:37,0
DA:41,0
DA:44,0
DA:45,0
DA:46,0
DA:51,0
DA:64,0
DA:70,0
DA:73,0
DA:76,0
LF:21
LH:0
BRDA:25,0,0,0
BRDA:34,1,0,0
BRDA:34,1,1,0
BRDA:44,2,0,0
BRF:4
BRH:0
end_of_record
TN:
SF:src/storage/file-manager.ts
FN:66,(anonymous_0)
FN:76,(anonymous_1)
FN:83,(anonymous_2)
FN:102,(anonymous_3)
FN:111,(anonymous_4)
FN:119,(anonymous_5)
FN:127,(anonymous_6)
FN:135,(anonymous_7)
FN:146,(anonymous_8)
FN:153,(anonymous_9)
FN:161,(anonymous_10)
FN:171,(anonymous_11)
FN:178,(anonymous_12)
FN:186,(anonymous_13)
FN:194,(anonymous_14)
FN:202,(anonymous_15)
FN:213,(anonymous_16)
FN:220,(anonymous_17)
FN:228,(anonymous_18)
FNF:19
FNH:0
FNDA:0,(anonymous_0)
FNDA:0,(anonymous_1)
FNDA:0,(anonymous_2)
FNDA:0,(anonymous_3)
FNDA:0,(anonymous_4)
FNDA:0,(anonymous_5)
FNDA:0,(anonymous_6)
FNDA:0,(anonymous_7)
FNDA:0,(anonymous_8)
FNDA:0,(anonymous_9)
FNDA:0,(anonymous_10)
FNDA:0,(anonymous_11)
FNDA:0,(anonymous_12)
FNDA:0,(anonymous_13)
FNDA:0,(anonymous_14)
FNDA:0,(anonymous_15)
FNDA:0,(anonymous_16)
FNDA:0,(anonymous_17)
FNDA:0,(anonymous_18)
DA:1,0
DA:2,0
DA:3,0
DA:4,0
DA:6,0
DA:8,0
DA:10,0
DA:37,0
DA:46,0
DA:62,0
DA:67,0
DA:68,0
DA:77,0
DA:84,0
DA:85,0
DA:88,0
DA:89,0
DA:90,0
DA:91,0
DA:94,0
DA:95,0
DA:103,0
DA:104,0
DA:105,0
DA:112,0
DA:113,0
DA:120,0
DA:121,0
DA:128,0
DA:129,0
DA:136,0
DA:137,0
DA:147,0
DA:154,0
DA:155,0
DA:162,0
DA:163,0
DA:172,0
DA:179,0
DA:180,0
DA:187,0
DA:188,0
DA:195,0
DA:196,0
DA:203,0
DA:204,0
DA:214,0
DA:221,0
DA:222,0
DA:229,0
DA:230,0
LF:51
LH:0
BRDA:84,0,0,0
BRDA:136,1,0,0
BRDA:203,2,0,0
BRF:3
BRH:0
end_of_record
TN:
SF:src/storage/milestone-manager.ts
FN:31,(anonymous_0)
FN:42,(anonymous_1)
FN:57,(anonymous_2)
FN:68,(anonymous_3)
FN:83,(anonymous_4)
FN:91,(anonymous_5)
FN:143,(anonymous_6)
FN:145,(anonymous_7)
FN:153,(anonymous_8)
FN:155,(anonymous_9)
FN:156,(anonymous_10)
FN:157,(anonymous_11)
FN:177,(anonymous_12)
FN:179,(anonymous_13)
FN:180,(anonymous_14)
FN:181,(anonymous_15)
FN:195,(anonymous_16)
FN:222,(anonymous_17)
FN:229,(anonymous_18)
FN:291,(anonymous_19)
FN:305,(anonymous_20)
FN:350,(anonymous_21)
FN:357,(anonymous_22)
FN:358,(anonymous_23)
FN:365,(anonymous_24)
FN:388,(anonymous_25)
FN:412,(anonymous_26)
FN:444,(anonymous_27)
FN:473,(anonymous_28)
FN:499,(anonymous_29)
FN:519,(anonymous_30)
FN:536,(anonymous_31)
FN:536,(anonymous_32)
FN:548,(anonymous_33)
FN:589,(anonymous_34)
FN:600,(anonymous_35)
FN:634,(anonymous_36)
FN:640,(anonymous_37)
FN:669,(anonymous_38)
FN:694,(anonymous_39)
FNF:40
FNH:0
FNDA:0,(anonymous_0)
FNDA:0,(anonymous_1)
FNDA:0,(anonymous_2)
FNDA:0,(anonymous_3)
FNDA:0,(anonymous_4)
FNDA:0,(anonymous_5)
FNDA:0,(anonymous_6)
FNDA:0,(anonymous_7)
FNDA:0,(anonymous_8)
FNDA:0,(anonymous_9)
FNDA:0,(anonymous_10)
FNDA:0,(anonymous_11)
FNDA:0,(anonymous_12)
FNDA:0,(anonymous_13)
FNDA:0,(anonymous_14)
FNDA:0,(anonymous_15)
FNDA:0,(anonymous_16)
FNDA:0,(anonymous_17)
FNDA:0,(anonymous_18)
FNDA:0,(anonymous_19)
FNDA:0,(anonymous_20)
FNDA:0,(anonymous_21)
FNDA:0,(anonymous_22)
FNDA:0,(anonymous_23)
FNDA:0,(anonymous_24)
FNDA:0,(anonymous_25)
FNDA:0,(anonymous_26)
FNDA:0,(anonymous_27)
FNDA:0,(anonymous_28)
FNDA:0,(anonymous_29)
FNDA:0,(anonymous_30)
FNDA:0,(anonymous_31)
FNDA:0,(anonymous_32)
FNDA:0,(anonymous_33)
FNDA:0,(anonymous_34)
FNDA:0,(anonymous_35)
FNDA:0,(anonymous_36)
FNDA:0,(anonymous_37)
FNDA:0,(anonymous_38)
FNDA:0,(anonymous_39)
DA:1,0
DA:2,0
DA:27,0
DA:32,0
DA:33,0
DA:43,0
DA:44,0
DA:45,0
DA:47,0
DA:48,0
DA:49,0
DA:51,0
DA:58,0
DA:59,0
DA:60,0
DA:62,0
DA:69,0
DA:84,0
DA:85,0
DA:86,0
DA:90,0
DA:91,0
DA:93,0
DA:94,0
DA:95,0
DA:99,0
DA:100,0
DA:112,0
DA:115,0
DA:116,0
DA:117,0
DA:118,0
DA:119,0
DA:123,0
DA:126,0
DA:127,0
DA:128,0
DA:129,0
DA:131,0
DA:135,0
DA:137,0
DA:144,0
DA:145,0
DA:146,0
DA:147,0
DA:154,0
DA:155,0
DA:157,0
DA:158,0
DA:162,0
DA:178,0
DA:179,0
DA:181,0
DA:182,0
DA:196,0
DA:197,0
DA:198,0
DA:201,0
DA:205,0
DA:209,0
DA:211,0
DA:212,0
DA:216,0
DA:223,0
DA:231,0
DA:235,0
DA:237,0
DA:238,0
DA:241,0
DA:244,0
DA:245,0
DA:249,0
DA:250,0
DA:252,0
DA:253,0
DA:256,0
DA:259,0
DA:261,0
DA:262,0
DA:266,0
DA:267,0
DA:268,0
DA:269,0
DA:270,0
DA:271,0
DA:272,0
DA:278,0
DA:279,0
DA:280,0
DA:283,0
DA:288,0
DA:291,0
DA:306,0
DA:307,0
DA:308,0
DA:311,0
DA:314,0
DA:315,0
DA:316,0
DA:319,0
DA:322,0
DA:324,0
DA:326,0
DA:328,0
DA:329,0
DA:330,0
DA:335,0
DA:336,0
DA:339,0
DA:351,0
DA:352,0
DA:353,0
DA:356,0
DA:357,0
DA:358,0
DA:359,0
DA:365,0
DA:366,0
DA:367,0
DA:369,0
DA:389,0
DA:390,0
DA:391,0
DA:394,0
DA:395,0
DA:398,0
DA:399,0
DA:400,0
DA:403,0
DA:404,0
DA:406,0
DA:407,0
DA:411,0
DA:412,0
DA:415,0
DA:416,0
DA:417,0
DA:418,0
DA:420,0
DA:433,0
DA:436,0
DA:438,0
DA:446,0
DA:447,0
DA:448,0
DA:450,0
DA:452,0
DA:453,0
DA:455,0
DA:459,0
DA:460,0
DA:461,0
DA:462,0
DA:467,0
DA:474,0
DA:475,0
DA:476,0
DA:478,0
DA:480,0
DA:482,0
DA:486,0
DA:487,0
DA:488,0
DA:489,0
DA:493,0
DA:500,0
DA:501,0
DA:504,0
DA:505,0
DA:506,0
DA:507,0
DA:509,0
DA:510,0
DA:511,0
DA:513,0
DA:520,0
DA:521,0
DA:522,0
DA:524,0
DA:526,0
DA:528,0
DA:532,0
DA:533,0
DA:534,0
DA:535,0
DA:536,0
DA:537,0
DA:542,0
DA:549,0
DA:550,0
DA:552,0
DA:553,0
DA:554,0
DA:558,0
DA:561,0
DA:562,0
DA:569,0
DA:573,0
DA:589,0
DA:594,0
DA:606,0
DA:609,0
DA:613,0
DA:619,0
DA:624,0
DA:625,0
DA:628,0
DA:639,0
DA:641,0
DA:642,0
DA:646,0
DA:670,0
DA:671,0
DA:673,0
DA:674,0
DA:678,0
DA:679,0
DA:680,0
DA:682,0
DA:695,0
DA:697,0
DA:698,0
DA:701,0
DA:702,0
DA:708,0
LF:225
LH:0
BRDA:44,0,0,0
BRDA:48,1,0,0
BRDA:59,2,0,0
BRDA:85,3,0,0
BRDA:94,4,0,0
BRDA:104,5,0,0
BRDA:104,5,1,0
BRDA:116,6,0,0
BRDA:127,7,0,0
BRDA:127,7,1,0
BRDA:144,8,0,0
BRDA:146,9,0,0
BRDA:158,10,0,0
BRDA:158,10,1,0
BRDA:165,11,0,0
BRDA:165,11,1,0
BRDA:182,12,0,0
BRDA:182,12,1,0
BRDA:197,13,0,0
BRDA:211,14,0,0
BRDA:237,15,0,0
BRDA:245,16,0,0
BRDA:245,16,1,0
BRDA:250,17,0,0
BRDA:250,17,1,0
BRDA:253,18,0,0
BRDA:253,18,1,0
BRDA:267,19,0,0
BRDA:269,20,0,0
BRDA:269,20,1,0
BRDA:271,21,0,0
BRDA:294,22,0,0
BRDA:294,22,1,0
BRDA:294,22,2,0
BRDA:295,23,0,0
BRDA:295,23,1,0
BRDA:296,24,0,0
BRDA:296,24,1,0
BRDA:307,25,0,0
BRDA:315,26,0,0
BRDA:329,27,0,0
BRDA:335,28,0,0
BRDA:352,29,0,0
BRDA:361,30,0,0
BRDA:361,30,1,0
BRDA:367,31,0,0
BRDA:367,31,1,0
BRDA:390,32,0,0
BRDA:394,33,0,0
BRDA:399,34,0,0
BRDA:406,35,0,0
BRDA:448,36,0,0
BRDA:453,37,0,0
BRDA:460,38,0,0
BRDA:461,39,0,0
BRDA:461,39,1,0
BRDA:476,40,0,0
BRDA:487,41,0,0
BRDA:488,42,0,0
BRDA:488,42,1,0
BRDA:500,43,0,0
BRDA:509,44,0,0
BRDA:522,45,0,0
BRDA:533,46,0,0
BRDA:535,47,0,0
BRDA:536,48,0,0
BRDA:536,48,1,0
BRDA:550,49,0,0
BRDA:553,50,0,0
BRDA:558,51,0,0
BRDA:558,51,1,0
BRDA:561,52,0,0
BRDA:579,53,0,0
BRDA:579,53,1,0
BRDA:586,54,0,0
BRDA:586,54,1,0
BRDA:671,55,0,0
BRDA:679,56,0,0
BRDA:680,57,0,0
BRDA:680,57,1,0
BRDA:697,58,0,0
BRDA:701,59,0,0
BRF:82
BRH:0
end_of_record
TN:
SF:src/storage/model-config-manager.ts
FN:14,(anonymous_0)
FN:21,(anonymous_1)
FN:42,(anonymous_2)
FN:50,(anonymous_3)
FN:64,(anonymous_4)
FN:75,(anonymous_5)
FN:82,(anonymous_6)
FNF:7
FNH:0
FNDA:0,(anonymous_0)
FNDA:0,(anonymous_1)
FNDA:0,(anonymous_2)
FNDA:0,(anonymous_3)
FNDA:0,(anonymous_4)
FNDA:0,(anonymous_5)
FNDA:0,(anonymous_6)
DA:1,0
DA:3,0
DA:10,0
DA:12,0
DA:15,0
DA:22,0
DA:23,0
DA:26,0
DA:27,0
DA:28,0
DA:34,0
DA:35,0
DA:43,0
DA:44,0
DA:51,0
DA:52,0
DA:53,0
DA:55,0
DA:56,0
DA:57,0
DA:58,0
DA:65,0
DA:66,0
DA:67,0
DA:68,0
DA:69,0
DA:76,0
DA:83,0
DA:84,0
DA:85,0
DA:86,0
LF:31
LH:0
BRDA:22,0,0,0
BRDA:27,1,0,0
BRDA:44,2,0,0
BRDA:44,2,1,0
BRDA:52,3,0,0
BRF:5
BRH:0
end_of_record
TN:
SF:src/storage/session-manager.ts
FN:18,(anonymous_0)
FN:31,(anonymous_1)
FN:56,(anonymous_2)
FN:87,(anonymous_3)
FN:95,(anonymous_4)
FN:105,(anonymous_5)
FN:117,(anonymous_6)
FN:128,(anonymous_7)
FN:164,(anonymous_8)
FNF:9
FNH:0
FNDA:0,(anonymous_0)
FNDA:0,(anonymous_1)
FNDA:0,(anonymous_2)
FNDA:0,(anonymous_3)
FNDA:0,(anonymous_4)
FNDA:0,(anonymous_5)
FNDA:0,(anonymous_6)
FNDA:0,(anonymous_7)
FNDA:0,(anonymous_8)
DA:1,0
DA:2,0
DA:3,0
DA:5,0
DA:14,0
DA:19,0
DA:20,0
DA:33,0
DA:36,0
DA:37,0
DA:41,0
DA:42,0
DA:43,0
DA:46,0
DA:58,0
DA:59,0
DA:62,0
DA:64,0
DA:67,0
DA:68,0
DA:69,0
DA:72,0
DA:73,0
DA:76,0
DA:79,0
DA:80,0
DA:88,0
DA:89,0
DA:96,0
DA:97,0
DA:98,0
DA:106,0
DA:107,0
DA:109,0
DA:118,0
DA:129,0
DA:132,0
DA:133,0
DA:134,0
DA:137,0
DA:139,0
DA:140,0
DA:141,0
DA:142,0
DA:145,0
DA:146,0
DA:147,0
DA:149,0
DA:150,0
DA:151,0
DA:154,0
DA:156,0
DA:157,0
DA:165,0
LF:54
LH:0
BRDA:36,0,0,0
BRDA:58,1,0,0
BRDA:68,2,0,0
BRDA:97,3,0,0
BRDA:106,4,0,0
BRDA:132,5,0,0
BRDA:149,6,0,0
BRDA:156,7,0,0
BRDA:156,7,1,0
BRF:9
BRH:0
end_of_record
TN:
SF:src/types/command.ts
FNF:0
FNH:0
DA:1,0
DA:53,0
DA:76,0
LF:3
LH:0
BRF:0
BRH:0
end_of_record
TN:
SF:src/types/index.ts
FNF:0
FNH:0
DA:14,0
DA:17,0
DA:20,0
DA:23,0
DA:26,0
DA:29,0
DA:35,0
LF:7
LH:0
BRF:0
BRH:0
end_of_record
TN:
SF:src/types/loop.ts
FN:30,isValidTransition
FNF:1
FNH:0
FNDA:0,isValidTransition
DA:1,0
DA:15,0
DA:21,0
DA:30,0
DA:31,0
DA:32,0
LF:6
LH:0
BRDA:32,0,0,0
BRDA:32,0,1,0
BRF:2
BRH:0
end_of_record
TN:
SF:src/types/milestone.ts
FNF:0
FNH:0
DA:1,0
DA:11,0
DA:43,0
DA:65,0
DA:93,0
DA:133,0
DA:162,0
LF:7
LH:0
BRF:0
BRH:0
end_of_record
TN:
SF:src/types/model-config.ts
FN:102,createDefaultModelConfig
FNF:1
FNH:0
FNDA:0,createDefaultModelConfig
DA:1,0
DA:3,0
DA:20,0
DA:47,0
DA:70,0
DA:91,0
DA:102,0
DA:103,0
LF:8
LH:0
BRF:0
BRH:0
end_of_record
TN:
SF:src/types/plan.ts
FNF:0
FNH:0
DA:1,0
DA:26,0
DA:45,0
DA:62,0
DA:78,0
DA:124,0
LF:6
LH:0
BRF:0
BRH:0
end_of_record
TN:
SF:src/types/roadmap.ts
FNF:0
FNH:0
DA:1,0
DA:22,0
DA:46,0
DA:69,0
DA:90,0
LF:5
LH:0
BRF:0
BRH:0
end_of_record
TN:
SF:src/types/session.ts
FNF:0
FNH:0
DA:1,0
DA:3,0
DA:40,0
LF:3
LH:0
BRF:0
BRH:0
end_of_record
TN:
SF:src/types/state.ts
FNF:0
FNH:0
DA:1,0
DA:3,0
DA:25,0
DA:42,0
DA:57,0
LF:5
LH:0
BRF:0
BRH:0
end_of_record
TN:
SF:src/types/sub-stage.ts
FN:57,getParentPhase
FNF:1
FNH:0
FNDA:0,getParentPhase
DA:1,0
DA:28,0
DA:43,0
DA:57,0
DA:58,0
DA:59,0
LF:6
LH:0
BRF:0
BRH:0
end_of_record
TN:
SF:src/utils/change-detector.ts
FN:29,detectUncommittedChanges
FN:40,(anonymous_1)
FN:64,detectModifiedFiles
FN:90,computeFileChecksum
FNF:4
FNH:0
FNDA:0,detectUncommittedChanges
FNDA:0,(anonymous_1)
FNDA:0,detectModifiedFiles
FNDA:0,computeFileChecksum
DA:1,0
DA:2,0
DA:3,0
DA:4,0
DA:6,0
DA:29,0
DA:30,0
DA:31,0
DA:33,0
DA:34,0
DA:37,0
DA:41,0
DA:42,0
DA:45,0
DA:46,0
DA:47,0
DA:48,0
DA:49,0
DA:50,0
DA:52,0
DA:55,0
DA:58,0
DA:60,0
DA:64,0
DA:68,0
DA:70,0
DA:71,0
DA:72,0
DA:74,0
DA:75,0
DA:84,0
DA:91,0
DA:92,0
LF:33
LH:0
BRDA:33,0,0,0
BRDA:45,1,0,0
BRDA:45,1,1,0
BRDA:47,2,0,0
BRDA:47,2,1,0
BRDA:49,3,0,0
BRDA:49,3,1,0
BRDA:71,4,0,0
BRDA:74,5,0,0
BRF:9
BRH:0
end_of_record
TN:
SF:src/utils/handoff-template.ts
FN:17,renderHandoffTemplate
FN:67,formatHandoffList
FN:71,(anonymous_2)
FNF:3
FNH:0
FNDA:0,renderHandoffTemplate
FNDA:0,formatHandoffList
FNDA:0,(anonymous_2)
DA:1,0
DA:2,0
DA:17,0
DA:18,0
DA:20,0
DA:21,0
DA:24,0
DA:25,0
DA:27,0
DA:28,0
DA:29,0
DA:31,0
DA:35,0
DA:58,0
DA:59,0
DA:60,0
DA:61,0
DA:64,0
DA:68,0
DA:69,0
DA:71,0
LF:21
LH:0
BRDA:20,0,0,0
BRDA:27,1,0,0
BRDA:27,1,1,0
BRDA:28,2,0,0
BRDA:28,2,1,0
BRDA:29,3,0,0
BRDA:29,3,1,0
BRDA:31,4,0,0
BRDA:31,4,1,0
BRDA:45,5,0,0
BRDA:45,5,1,0
BRDA:49,6,0,0
BRDA:49,6,1,0
BRDA:52,7,0,0
BRDA:52,7,1,0
BRDA:68,8,0,0
BRF:16
BRH:0
end_of_record
TN:
SF:src/utils/session-context.ts
FN:12,buildSessionContext
FN:34,formatAccomplished
FN:39,(anonymous_2)
FN:42,formatInProgress
FN:49,(anonymous_4)
FN:50,(anonymous_5)
FN:64,formatPlanLabel
FNF:7
FNH:0
FNDA:0,buildSessionContext
FNDA:0,formatAccomplished
FNDA:0,(anonymous_2)
FNDA:0,formatInProgress
FNDA:0,(anonymous_4)
FNDA:0,(anonymous_5)
FNDA:0,formatPlanLabel
DA:12,0
DA:16,0
DA:17,0
DA:18,0
DA:19,0
DA:24,0
DA:26,0
DA:35,0
DA:36,0
DA:39,0
DA:47,0
DA:49,0
DA:50,0
DA:53,0
DA:54,0
DA:57,0
DA:58,0
DA:61,0
DA:65,0
DA:66,0
DA:69,0
LF:21
LH:0
BRDA:35,0,0,0
BRDA:35,1,0,0
BRDA:35,1,1,0
BRDA:47,2,0,0
BRDA:47,2,1,0
BRDA:53,3,0,0
BRDA:57,4,0,0
BRDA:65,5,0,0
BRF:8
BRH:0
end_of_record
TN:
SF:src/utils/session-snapshots.ts
FN:9,captureSessionSnapshots
FN:42,loadSnapshotContent
FNF:2
FNH:0
FNDA:0,captureSessionSnapshots
FNDA:0,loadSnapshotContent
DA:1,0
DA:2,0
DA:9,0
DA:14,0
DA:15,0
DA:16,0
DA:18,0
DA:19,0
DA:22,0
DA:23,0
DA:24,0
DA:25,0
DA:28,0
DA:29,0
DA:30,0
DA:31,0
DA:34,0
DA:35,0
DA:36,0
DA:39,0
DA:42,0
DA:47,0
DA:50,0
DA:52,0
DA:53,0
DA:56,0
DA:57,0
DA:59,0
LF:28
LH:0
BRDA:18,0,0,0
BRDA:24,1,0,0
BRDA:30,2,0,0
BRDA:47,3,0,0
BRDA:47,3,1,0
BRDA:52,4,0,0
BRF:6
BRH:0
end_of_record
