TN:
SF:src/index.ts
FN:20,(anonymous_0)
FNF:1
FNH:0
FNDA:0,(anonymous_0)
DA:9,0
DA:10,0
DA:11,0
DA:12,0
DA:13,0
DA:14,0
DA:15,0
DA:16,0
DA:17,0
DA:18,0
DA:20,0
DA:22,0
DA:34,0
LF:13
LH:0
BRF:0
BRH:0
end_of_record
TN:
SF:src/commands/handoff.ts
FN:25,(anonymous_0)
FN:169,formatHandoffList
FN:173,(anonymous_2)
FN:179,getProjectName
FN:195,getVersion
FN:211,getTotalPhases
FN:226,extractTotalPhases
FN:251,getPhaseName
FN:266,extractPhaseName
FNF:9
FNH:9
FNDA:11,(anonymous_0)
FNDA:20,formatHandoffList
FNDA:5,(anonymous_2)
FNDA:10,getProjectName
FNDA:10,getVersion
FNDA:10,getTotalPhases
FNDA:10,extractTotalPhases
FNDA:10,getPhaseName
FNDA:10,extractPhaseName
DA:1,1
DA:2,1
DA:3,1
DA:4,1
DA:5,1
DA:6,1
DA:8,1
DA:22,1
DA:26,11
DA:27,11
DA:28,11
DA:31,11
DA:33,11
DA:34,1
DA:46,10
DA:47,10
DA:48,5
DA:49,5
DA:52,5
DA:64,5
DA:68,10
DA:69,10
DA:70,10
DA:71,10
DA:74,10
DA:77,10
DA:78,0
DA:87,10
DA:90,10
DA:91,10
DA:92,10
DA:95,10
DA:100,10
DA:124,10
DA:125,10
DA:126,200
DA:127,200
DA:131,10
DA:132,10
DA:134,10
DA:135,1
DA:138,10
DA:141,9
DA:142,9
DA:143,9
DA:144,9
DA:145,9
DA:151,9
DA:153,1
DA:154,1
DA:170,20
DA:171,15
DA:173,5
DA:180,10
DA:181,10
DA:182,10
DA:183,10
DA:184,0
DA:189,10
DA:196,10
DA:197,10
DA:198,10
DA:199,10
DA:200,0
DA:205,10
DA:212,10
DA:213,10
DA:214,0
DA:215,0
DA:216,0
DA:218,0
DA:220,10
DA:227,10
DA:228,10
DA:231,10
DA:232,10
DA:233,0
DA:237,10
DA:238,10
DA:239,0
DA:242,10
DA:244,0
DA:252,10
DA:253,10
DA:254,0
DA:255,0
DA:256,0
DA:258,0
DA:260,10
DA:267,10
DA:268,10
DA:271,10
DA:272,10
DA:273,10
DA:274,0
DA:278,10
DA:279,10
DA:280,10
DA:281,0
DA:282,0
DA:283,0
DA:287,10
DA:289,0
LF:103
LH:84
BRDA:33,0,0,1
BRDA:47,1,0,5
BRDA:47,1,1,5
BRDA:77,2,0,0
BRDA:90,3,0,5
BRDA:90,3,1,5
BRDA:91,4,0,5
BRDA:91,4,1,5
BRDA:91,5,0,5
BRDA:91,5,1,0
BRDA:92,6,0,0
BRDA:92,6,1,10
BRDA:92,7,0,5
BRDA:92,7,1,5
BRDA:95,8,0,5
BRDA:95,8,1,5
BRDA:110,9,0,10
BRDA:110,9,1,5
BRDA:114,10,0,10
BRDA:114,10,1,0
BRDA:117,11,0,5
BRDA:117,11,1,5
BRDA:134,12,0,1
BRDA:153,13,0,1
BRDA:153,13,1,0
BRDA:170,14,0,15
BRDA:181,15,0,10
BRDA:184,16,0,0
BRDA:184,16,1,0
BRDA:197,17,0,10
BRDA:200,18,0,0
BRDA:200,18,1,0
BRDA:213,19,0,0
BRDA:215,20,0,0
BRDA:232,21,0,0
BRDA:238,22,0,0
BRDA:253,23,0,0
BRDA:255,24,0,0
BRDA:273,25,0,0
BRDA:280,26,0,0
BRDA:280,27,0,10
BRDA:280,27,1,0
BRDA:282,28,0,0
BRF:43
BRH:24
end_of_record
TN:
SF:src/commands/help.ts
FN:20,(anonymous_0)
FN:183,(anonymous_1)
FN:184,(anonymous_2)
FN:192,(anonymous_3)
FN:193,(anonymous_4)
FN:201,(anonymous_5)
FN:202,(anonymous_6)
FN:210,(anonymous_7)
FN:211,(anonymous_8)
FN:219,(anonymous_9)
FN:220,(anonymous_10)
FN:228,(anonymous_11)
FN:229,(anonymous_12)
FN:237,(anonymous_13)
FN:238,(anonymous_14)
FNF:15
FNH:15
FNDA:1,(anonymous_0)
FNDA:26,(anonymous_1)
FNDA:3,(anonymous_2)
FNDA:26,(anonymous_3)
FNDA:3,(anonymous_4)
FNDA:26,(anonymous_5)
FNDA:4,(anonymous_6)
FNDA:26,(anonymous_7)
FNDA:4,(anonymous_8)
FNDA:26,(anonymous_9)
FNDA:4,(anonymous_10)
FNDA:26,(anonymous_11)
FNDA:4,(anonymous_12)
FNDA:26,(anonymous_13)
FNDA:4,(anonymous_14)
DA:1,1
DA:2,1
DA:15,1
DA:22,1
DA:159,1
DA:160,0
DA:161,0
DA:162,0
DA:169,0
DA:170,0
DA:171,0
DA:172,0
DA:173,0
DA:175,0
DA:176,0
DA:179,1
DA:181,1
DA:182,1
DA:183,26
DA:185,3
DA:188,1
DA:190,1
DA:191,1
DA:192,26
DA:194,3
DA:197,1
DA:199,1
DA:200,1
DA:201,26
DA:203,4
DA:206,1
DA:208,1
DA:209,1
DA:210,26
DA:212,4
DA:215,1
DA:217,1
DA:218,1
DA:219,26
DA:221,4
DA:224,1
DA:226,1
DA:227,1
DA:228,26
DA:230,4
DA:233,1
DA:235,1
DA:236,1
DA:237,26
DA:239,4
DA:242,1
DA:243,1
DA:244,1
LF:53
LH:43
BRDA:159,0,0,0
BRDA:161,1,0,0
BRDA:172,2,0,0
BRF:3
BRH:0
end_of_record
TN:
SF:src/commands/index.ts
FN:8,(anonymous_0)
FN:9,(anonymous_1)
FN:10,(anonymous_2)
FN:11,(anonymous_3)
FN:12,(anonymous_4)
FN:13,(anonymous_5)
FN:14,(anonymous_6)
FN:15,(anonymous_7)
FN:16,(anonymous_8)
FN:17,(anonymous_9)
FNF:10
FNH:0
FNDA:0,(anonymous_0)
FNDA:0,(anonymous_1)
FNDA:0,(anonymous_2)
FNDA:0,(anonymous_3)
FNDA:0,(anonymous_4)
FNDA:0,(anonymous_5)
FNDA:0,(anonymous_6)
FNDA:0,(anonymous_7)
FNDA:0,(anonymous_8)
FNDA:0,(anonymous_9)
DA:8,0
DA:9,0
DA:10,0
DA:11,0
DA:12,0
DA:13,0
DA:14,0
DA:15,0
DA:16,0
DA:17,0
LF:10
LH:0
BRF:0
BRH:0
end_of_record
TN:
SF:src/commands/init.ts
FN:24,(anonymous_0)
FNF:1
FNH:0
FNDA:0,(anonymous_0)
DA:1,0
DA:2,0
DA:3,0
DA:4,0
DA:5,0
DA:6,0
DA:19,0
DA:25,0
DA:26,0
DA:27,0
DA:30,0
DA:31,0
DA:41,0
DA:44,0
DA:47,0
DA:55,0
DA:56,0
DA:58,0
DA:59,0
DA:64,0
DA:65,0
DA:71,0
DA:74,0
DA:75,0
LF:24
LH:0
BRDA:30,0,0,0
BRDA:30,1,0,0
BRDA:30,1,1,0
BRDA:74,2,0,0
BRDA:74,2,1,0
BRF:5
BRH:0
end_of_record
TN:
SF:src/commands/pause.ts
FN:26,(anonymous_0)
FN:149,computeFileChecksums
FN:175,collectChecksums
FN:198,computeFileChecksum
FN:206,getPhaseName
FN:223,extractPhaseName
FN:253,generateHandoffMd
FN:276,(anonymous_7)
FNF:8
FNH:7
FNDA:10,(anonymous_0)
FNDA:8,computeFileChecksums
FNDA:16,collectChecksums
FNDA:16,computeFileChecksum
FNDA:7,getPhaseName
FNDA:7,extractPhaseName
FNDA:7,generateHandoffMd
FNDA:0,(anonymous_7)
DA:1,1
DA:2,1
DA:3,1
DA:4,1
DA:5,1
DA:6,1
DA:7,1
DA:9,1
DA:23,1
DA:27,10
DA:28,10
DA:29,10
DA:32,10
DA:34,10
DA:35,1
DA:44,9
DA:45,9
DA:46,2
DA:47,2
DA:48,2
DA:49,2
DA:50,1
DA:51,1
DA:63,8
DA:66,8
DA:80,8
DA:83,7
DA:84,7
DA:85,7
DA:86,7
DA:87,7
DA:88,7
DA:95,7
DA:98,7
DA:99,7
DA:107,7
DA:108,7
DA:109,0
DA:111,7
DA:114,7
DA:115,7
DA:117,7
DA:118,7
DA:119,7
DA:120,7
DA:121,7
DA:122,7
DA:123,7
DA:124,7
DA:129,7
DA:131,1
DA:132,1
DA:150,8
DA:151,8
DA:152,8
DA:154,8
DA:155,16
DA:156,16
DA:157,16
DA:161,8
DA:162,16
DA:163,16
DA:164,16
DA:165,16
DA:169,8
DA:180,16
DA:182,16
DA:183,0
DA:184,0
DA:186,0
DA:187,0
DA:188,0
DA:189,0
DA:190,0
DA:199,16
DA:200,16
DA:207,7
DA:208,7
DA:210,0
DA:211,0
DA:212,0
DA:214,0
DA:217,7
DA:224,7
DA:225,7
DA:228,7
DA:229,7
DA:230,7
DA:231,6
DA:235,1
DA:236,1
DA:237,1
DA:238,0
DA:239,0
DA:240,0
DA:244,1
DA:246,0
DA:259,7
DA:262,7
DA:263,7
DA:264,7
DA:267,7
DA:272,7
DA:275,7
DA:276,0
DA:279,7
DA:281,7
LF:107
LH:90
BRDA:34,0,0,1
BRDA:45,1,0,2
BRDA:47,2,0,2
BRDA:49,3,0,1
BRDA:85,4,0,7
BRDA:88,5,0,7
BRDA:88,5,1,0
BRDA:108,6,0,0
BRDA:131,7,0,1
BRDA:131,7,1,0
BRDA:156,8,0,16
BRDA:163,9,0,16
BRDA:186,10,0,0
BRDA:186,10,1,0
BRDA:188,11,0,0
BRDA:208,12,0,0
BRDA:211,13,0,0
BRDA:230,14,0,6
BRDA:237,15,0,0
BRDA:237,16,0,1
BRDA:237,16,1,0
BRDA:239,17,0,0
BRDA:262,18,0,6
BRDA:262,18,1,1
BRDA:263,19,0,1
BRDA:263,19,1,6
BRDA:263,20,0,6
BRDA:263,20,1,0
BRDA:264,21,0,0
BRDA:264,21,1,7
BRDA:264,22,0,1
BRDA:264,22,1,6
BRDA:267,23,0,0
BRDA:267,23,1,7
BRDA:275,24,0,0
BRDA:275,24,1,7
BRDA:302,25,0,7
BRDA:302,25,1,7
BRDA:326,26,0,7
BRDA:326,26,1,0
BRF:40
BRH:24
end_of_record
TN:
SF:src/commands/plan.ts
FN:85,(anonymous_0)
FN:140,(anonymous_1)
FN:160,(anonymous_2)
FN:161,(anonymous_3)
FN:191,(anonymous_4)
FN:193,(anonymous_5)
FN:252,(anonymous_6)
FN:266,(anonymous_7)
FN:297,normalizeStringList
FN:300,(anonymous_9)
FN:306,buildTaskDependencies
FN:309,(anonymous_11)
FN:316,(anonymous_12)
FN:328,buildExecutionGraph
FN:339,(anonymous_14)
FN:341,(anonymous_15)
FN:343,(anonymous_16)
FN:353,(anonymous_17)
FN:364,getStructureLabel
FN:370,formatTaskSummary
FN:381,truncateText
FN:388,isTransientFsError
FN:394,retryWithBackoff
FN:405,(anonymous_23)
FN:413,rollbackPlanFile
FNF:25
FNH:20
FNDA:3,(anonymous_0)
FNDA:3,(anonymous_1)
FNDA:3,(anonymous_2)
FNDA:3,(anonymous_3)
FNDA:1,(anonymous_4)
FNDA:1,(anonymous_5)
FNDA:0,(anonymous_6)
FNDA:3,(anonymous_7)
FNDA:2,normalizeStringList
FNDA:1,(anonymous_9)
FNDA:1,buildTaskDependencies
FNDA:3,(anonymous_11)
FNDA:4,(anonymous_12)
FNDA:1,buildExecutionGraph
FNDA:2,(anonymous_14)
FNDA:4,(anonymous_15)
FNDA:2,(anonymous_16)
FNDA:3,(anonymous_17)
FNDA:1,getStructureLabel
FNDA:3,formatTaskSummary
FNDA:0,truncateText
FNDA:0,isTransientFsError
FNDA:2,retryWithBackoff
FNDA:0,(anonymous_23)
FNDA:0,rollbackPlanFile
DA:1,1
DA:2,1
DA:3,1
DA:4,1
DA:5,1
DA:6,1
DA:7,1
DA:8,1
DA:9,1
DA:10,1
DA:50,1
DA:52,1
DA:86,3
DA:87,3
DA:88,3
DA:89,3
DA:92,3
DA:95,3
DA:96,1
DA:109,2
DA:110,2
DA:112,1
DA:125,1
DA:126,1
DA:127,0
DA:140,3
DA:149,1
DA:150,1
DA:151,1
DA:152,1
DA:159,1
DA:160,3
DA:161,3
DA:164,1
DA:165,1
DA:167,1
DA:185,1
DA:187,1
DA:188,1
DA:190,1
DA:191,1
DA:192,1
DA:193,1
DA:201,0
DA:202,0
DA:204,0
DA:205,0
DA:218,1
DA:219,1
DA:220,1
DA:230,1
DA:231,1
DA:232,1
DA:233,1
DA:234,1
DA:237,1
DA:238,1
DA:239,1
DA:240,1
DA:241,1
DA:244,1
DA:245,1
DA:246,1
DA:247,1
DA:249,1
DA:251,0
DA:252,0
DA:253,0
DA:254,0
DA:255,0
DA:256,0
DA:258,0
DA:259,0
DA:260,0
DA:264,1
DA:265,1
DA:266,3
DA:267,1
DA:268,1
DA:269,0
DA:270,0
DA:274,1
DA:275,1
DA:276,1
DA:277,1
DA:278,1
DA:280,1
DA:283,0
DA:298,2
DA:299,2
DA:300,1
DA:302,1
DA:303,1
DA:307,1
DA:309,1
DA:310,3
DA:311,3
DA:313,3
DA:314,3
DA:315,3
DA:316,4
DA:317,1
DA:322,3
DA:325,1
DA:329,1
DA:330,1
DA:331,1
DA:333,1
DA:334,3
DA:337,1
DA:338,2
DA:339,2
DA:341,2
DA:342,4
DA:343,4
DA:344,3
DA:348,2
DA:349,0
DA:350,0
DA:353,2
DA:354,3
DA:355,3
DA:358,2
DA:361,1
DA:365,1
DA:366,0
DA:367,0
DA:371,3
DA:372,3
DA:373,3
DA:375,0
DA:376,0
DA:378,0
DA:382,0
DA:383,0
DA:386,1
DA:389,0
DA:390,0
DA:391,0
DA:395,2
DA:397,2
DA:398,2
DA:399,2
DA:401,0
DA:402,0
DA:404,0
DA:405,0
DA:406,0
DA:410,0
DA:414,0
DA:415,0
DA:416,0
LF:152
LH:114
BRDA:95,0,0,1
BRDA:114,1,0,1
BRDA:114,1,1,0
BRDA:126,2,0,0
BRDA:151,3,0,1
BRDA:151,3,1,1
BRDA:153,4,0,1
BRDA:153,4,1,1
BRDA:154,5,0,1
BRDA:154,5,1,1
BRDA:155,6,0,1
BRDA:155,6,1,1
BRDA:201,7,0,0
BRDA:204,8,0,0
BRDA:204,8,1,0
BRDA:230,9,0,1
BRDA:237,10,0,1
BRDA:249,11,0,0
BRDA:249,11,1,1
BRDA:255,12,0,0
BRDA:255,13,0,0
BRDA:255,13,1,0
BRDA:268,14,0,0
BRDA:285,15,0,0
BRDA:285,15,1,0
BRDA:298,16,0,0
BRDA:299,17,0,1
BRDA:303,18,0,1
BRDA:303,18,1,0
BRDA:310,19,0,3
BRDA:310,19,1,0
BRDA:313,20,0,3
BRDA:315,21,0,3
BRDA:315,21,1,0
BRDA:316,22,0,1
BRDA:342,23,0,4
BRDA:342,23,1,0
BRDA:343,24,0,3
BRDA:348,25,0,0
BRDA:365,26,0,1
BRDA:366,27,0,0
BRDA:372,28,0,3
BRDA:375,29,0,0
BRDA:382,30,0,0
BRDA:389,31,0,0
BRDA:389,32,0,0
BRDA:389,32,1,0
BRDA:391,33,0,0
BRDA:391,33,1,0
BRDA:394,34,0,2
BRDA:394,35,0,2
BRDA:401,36,0,0
BRDA:401,37,0,0
BRDA:401,37,1,0
BRDA:414,38,0,0
BRF:55
BRH:25
end_of_record
TN:
SF:src/commands/progress.ts
FN:27,(anonymous_0)
FN:124,formatLoopVisual
FN:127,(anonymous_2)
FN:156,getApplyTaskContext
FN:187,resolveActiveTaskIndex
FN:218,resolveActiveTaskName
FN:236,resolveTimeInProgress
FN:250,resolveTaskStartTime
FN:290,formatDuration
FN:311,buildApplyGuidance
FN:327,getNumberValue
FN:337,getStringValue
FNF:12
FNH:12
FNDA:1,(anonymous_0)
FNDA:1,formatLoopVisual
FNDA:3,(anonymous_2)
FNDA:1,getApplyTaskContext
FNDA:1,resolveActiveTaskIndex
FNDA:1,resolveActiveTaskName
FNDA:1,resolveTimeInProgress
FNDA:1,resolveTaskStartTime
FNDA:1,formatDuration
FNDA:1,buildApplyGuidance
FNDA:2,getNumberValue
FNDA:1,getStringValue
DA:1,1
DA:2,1
DA:3,1
DA:4,1
DA:5,1
DA:9,1
DA:10,1
DA:22,1
DA:28,1
DA:29,1
DA:32,1
DA:33,0
DA:41,1
DA:42,1
DA:44,1
DA:45,0
DA:53,1
DA:54,1
DA:55,1
DA:58,1
DA:61,1
DA:62,1
DA:63,1
DA:64,1
DA:66,1
DA:67,1
DA:68,1
DA:69,1
DA:70,1
DA:72,1
DA:73,1
DA:74,1
DA:75,1
DA:77,1
DA:78,0
DA:83,1
DA:84,0
DA:85,0
DA:88,0
DA:92,0
DA:93,0
DA:94,0
DA:95,0
DA:96,0
DA:104,1
DA:106,0
DA:107,0
DA:125,1
DA:127,1
DA:128,3
DA:130,1
DA:134,2
DA:135,2
DA:137,2
DA:139,1
DA:143,1
DA:146,1
DA:160,1
DA:161,1
DA:162,1
DA:163,1
DA:165,1
DA:169,1
DA:173,1
DA:179,1
DA:191,1
DA:192,0
DA:195,1
DA:203,1
DA:204,0
DA:207,1
DA:208,1
DA:211,0
DA:212,0
DA:215,0
DA:223,1
DA:225,1
DA:226,0
DA:229,1
DA:230,1
DA:233,0
DA:240,1
DA:242,1
DA:243,0
DA:246,1
DA:247,1
DA:254,1
DA:255,0
DA:258,1
DA:264,1
DA:265,0
DA:268,1
DA:270,1
DA:271,0
DA:274,1
DA:275,0
DA:276,0
DA:279,1
DA:280,1
DA:281,1
DA:282,1
DA:283,1
DA:284,1
DA:287,0
DA:291,1
DA:292,0
DA:295,1
DA:296,1
DA:297,1
DA:298,1
DA:300,1
DA:301,0
DA:304,1
DA:305,1
DA:308,0
DA:316,1
DA:317,0
DA:320,1
DA:321,0
DA:324,1
DA:328,2
DA:329,7
DA:330,1
DA:334,1
DA:338,1
DA:339,2
DA:340,0
DA:344,1
LF:128
LH:95
BRDA:32,0,0,0
BRDA:44,1,0,0
BRDA:66,2,0,1
BRDA:69,3,0,1
BRDA:69,3,1,0
BRDA:77,4,0,0
BRDA:83,5,0,0
BRDA:84,6,0,0
BRDA:88,7,0,0
BRDA:88,7,1,0
BRDA:106,8,0,0
BRDA:106,8,1,0
BRDA:128,9,0,1
BRDA:137,10,0,1
BRDA:160,11,0,1
BRDA:160,11,1,0
BRDA:165,12,0,1
BRDA:165,12,1,0
BRDA:165,13,0,1
BRDA:165,13,1,1
BRDA:165,13,2,1
BRDA:167,14,0,0
BRDA:167,14,1,0
BRDA:169,15,0,1
BRDA:169,15,1,0
BRDA:170,16,0,1
BRDA:170,16,1,0
BRDA:191,17,0,0
BRDA:203,18,0,0
BRDA:207,19,0,1
BRDA:207,20,0,1
BRDA:207,20,1,1
BRDA:211,21,0,0
BRDA:211,22,0,0
BRDA:211,22,1,0
BRDA:225,23,0,0
BRDA:229,24,0,1
BRDA:229,25,0,1
BRDA:229,25,1,1
BRDA:229,25,2,1
BRDA:229,25,3,1
BRDA:230,26,0,1
BRDA:230,26,1,0
BRDA:242,27,0,0
BRDA:254,28,0,0
BRDA:264,29,0,0
BRDA:268,30,0,1
BRDA:268,30,1,0
BRDA:270,31,0,0
BRDA:270,32,0,1
BRDA:270,32,1,1
BRDA:274,33,0,0
BRDA:276,34,0,0
BRDA:276,34,1,0
BRDA:279,35,0,1
BRDA:283,36,0,1
BRDA:283,36,1,0
BRDA:284,37,0,1
BRDA:284,37,1,0
BRDA:291,38,0,0
BRDA:291,39,0,1
BRDA:291,39,1,1
BRDA:300,40,0,0
BRDA:304,41,0,1
BRDA:316,42,0,0
BRDA:320,43,0,0
BRDA:320,44,0,1
BRDA:320,44,1,1
BRDA:329,45,0,1
BRDA:329,46,0,7
BRDA:329,46,1,1
BRDA:339,47,0,0
BRDA:339,48,0,2
BRDA:339,48,1,0
BRF:74
BRH:35
end_of_record
TN:
SF:src/commands/resume.ts
FN:26,(anonymous_0)
FN:127,computeFileChecksums
FN:171,detectFileChanges
FN:228,formatLoopVisual
FN:231,(anonymous_4)
FNF:5
FNH:5
FNDA:14,(anonymous_0)
FNDA:11,computeFileChecksums
FNDA:11,detectFileChanges
FNDA:11,formatLoopVisual
FNDA:33,(anonymous_4)
DA:1,1
DA:2,1
DA:3,1
DA:4,1
DA:5,1
DA:6,1
DA:7,1
DA:8,1
DA:23,1
DA:27,14
DA:28,14
DA:29,14
DA:32,14
DA:34,13
DA:35,1
DA:45,12
DA:46,12
DA:47,1
DA:58,11
DA:59,11
DA:62,11
DA:64,11
DA:65,11
DA:66,11
DA:68,11
DA:69,6
DA:70,6
DA:73,11
DA:74,6
DA:75,6
DA:79,11
DA:81,11
DA:82,1
DA:84,10
DA:88,11
DA:89,2
DA:93,11
DA:94,11
DA:97,11
DA:98,11
DA:100,11
DA:106,11
DA:108,1
DA:109,1
DA:128,11
DA:131,11
DA:138,11
DA:139,44
DA:141,44
DA:142,0
DA:147,44
DA:148,44
DA:150,44
DA:151,0
DA:152,0
DA:153,0
DA:157,44
DA:161,11
DA:175,11
DA:176,11
DA:179,11
DA:180,1
DA:182,1
DA:184,1
DA:188,0
DA:190,0
DA:191,0
DA:192,0
DA:196,0
DA:202,0
DA:211,11
DA:212,0
DA:213,0
DA:220,11
DA:229,11
DA:231,11
DA:232,33
DA:234,11
DA:238,22
DA:239,22
DA:241,22
DA:243,1
DA:247,21
DA:250,11
LF:84
LH:72
BRDA:34,0,0,1
BRDA:46,1,0,1
BRDA:68,2,0,6
BRDA:73,3,0,6
BRDA:81,4,0,1
BRDA:81,4,1,10
BRDA:88,5,0,2
BRDA:108,6,0,1
BRDA:108,6,1,0
BRDA:141,7,0,0
BRDA:150,8,0,0
BRDA:182,9,0,1
BRDA:182,9,1,0
BRDA:188,10,0,0
BRDA:212,11,0,0
BRDA:232,12,0,11
BRDA:241,13,0,1
BRF:17
BRH:11
end_of_record
TN:
SF:src/commands/status.ts
FN:28,(anonymous_0)
FN:166,formatLoopVisual
FN:169,(anonymous_2)
FN:196,getCompletedTaskCount
FNF:4
FNH:4
FNDA:12,(anonymous_0)
FNDA:10,formatLoopVisual
FNDA:30,(anonymous_2)
FNDA:2,getCompletedTaskCount
DA:1,1
DA:2,1
DA:3,1
DA:4,1
DA:5,1
DA:6,1
DA:9,1
DA:10,1
DA:23,1
DA:29,12
DA:30,12
DA:33,12
DA:34,1
DA:42,11
DA:43,11
DA:44,11
DA:47,11
DA:49,11
DA:50,1
DA:58,10
DA:59,10
DA:60,10
DA:63,10
DA:66,10
DA:67,10
DA:68,10
DA:69,10
DA:72,10
DA:73,1
DA:74,1
DA:78,10
DA:81,10
DA:82,10
DA:84,2
DA:85,2
DA:88,2
DA:89,1
DA:92,2
DA:93,2
DA:95,8
DA:99,10
DA:100,2
DA:102,2
DA:104,2
DA:105,2
DA:107,2
DA:108,2
DA:110,2
DA:113,2
DA:114,0
DA:115,0
DA:116,0
DA:119,0
DA:124,10
DA:125,10
DA:128,10
DA:129,1
DA:130,1
DA:131,1
DA:132,1
DA:136,1
DA:137,1
DA:146,10
DA:148,0
DA:149,0
DA:167,10
DA:169,10
DA:170,30
DA:172,10
DA:176,20
DA:177,20
DA:179,20
DA:181,6
DA:185,14
DA:188,10
DA:197,2
DA:198,0
DA:202,2
DA:207,2
LF:79
LH:72
BRDA:33,0,0,1
BRDA:49,1,0,1
BRDA:72,2,0,1
BRDA:72,3,0,10
BRDA:72,3,1,1
BRDA:82,4,0,2
BRDA:82,4,1,8
BRDA:88,5,0,1
BRDA:99,6,0,2
BRDA:99,7,0,10
BRDA:99,7,1,6
BRDA:104,8,0,2
BRDA:104,8,1,0
BRDA:113,9,0,0
BRDA:114,10,0,0
BRDA:114,10,1,0
BRDA:128,11,0,1
BRDA:148,12,0,0
BRDA:148,12,1,0
BRDA:170,13,0,10
BRDA:179,14,0,6
BRDA:197,15,0,0
BRDA:202,16,0,2
BRDA:202,16,1,0
BRDA:202,16,2,0
BRDA:202,16,3,0
BRDA:207,17,0,2
BRDA:207,17,1,0
BRF:28
BRH:17
end_of_record
TN:
SF:src/commands/unify.ts
FN:97,(anonymous_0)
FN:182,(anonymous_1)
FN:189,(anonymous_2)
FN:252,formatUnifyOutput
FN:283,(anonymous_4)
FN:343,normalizeTaskName
FN:347,parseActuals
FN:393,parseCriteriaResults
FN:439,buildSummaryTasks
FN:441,(anonymous_9)
FN:445,(anonymous_10)
FN:462,deriveSummaryStatus
FN:467,(anonymous_12)
FN:471,(anonymous_13)
FN:478,buildReconciliation
FN:484,(anonymous_15)
FN:489,(anonymous_16)
FN:494,(anonymous_17)
FN:495,(anonymous_18)
FN:498,(anonymous_19)
FN:499,(anonymous_20)
FN:502,(anonymous_21)
FN:503,(anonymous_22)
FN:504,(anonymous_23)
FN:512,formatArgumentError
FNF:25
FNH:23
FNDA:7,(anonymous_0)
FNDA:6,(anonymous_1)
FNDA:8,(anonymous_2)
FNDA:4,formatUnifyOutput
FNDA:8,(anonymous_4)
FNDA:14,normalizeTaskName
FNDA:4,parseActuals
FNDA:4,parseCriteriaResults
FNDA:1,buildSummaryTasks
FNDA:2,(anonymous_9)
FNDA:2,(anonymous_10)
FNDA:3,deriveSummaryStatus
FNDA:2,(anonymous_12)
FNDA:2,(anonymous_13)
FNDA:1,buildReconciliation
FNDA:2,(anonymous_15)
FNDA:2,(anonymous_16)
FNDA:2,(anonymous_17)
FNDA:1,(anonymous_18)
FNDA:2,(anonymous_19)
FNDA:1,(anonymous_20)
FNDA:2,(anonymous_21)
FNDA:1,(anonymous_22)
FNDA:0,(anonymous_23)
FNDA:0,formatArgumentError
DA:1,1
DA:2,1
DA:3,1
DA:4,1
DA:5,1
DA:6,1
DA:12,1
DA:60,1
DA:62,1
DA:98,7
DA:99,7
DA:100,7
DA:101,7
DA:104,7
DA:107,7
DA:108,1
DA:114,6
DA:115,6
DA:118,6
DA:119,6
DA:120,6
DA:121,1
DA:128,5
DA:132,5
DA:133,5
DA:134,1
DA:145,4
DA:147,4
DA:148,0
DA:157,4
DA:158,4
DA:160,0
DA:167,4
DA:168,4
DA:169,0
DA:172,4
DA:173,4
DA:174,0
DA:177,4
DA:180,4
DA:182,6
DA:188,4
DA:189,8
DA:191,4
DA:202,4
DA:205,4
DA:208,4
DA:217,4
DA:218,4
DA:226,4
DA:235,0
DA:259,4
DA:262,4
DA:268,4
DA:280,4
DA:281,4
DA:282,4
DA:283,4
DA:284,8
DA:286,8
DA:287,8
DA:288,1
DA:291,4
DA:295,4
DA:296,0
DA:297,0
DA:298,0
DA:299,0
DA:302,4
DA:303,4
DA:304,1
DA:306,1
DA:307,1
DA:309,1
DA:310,1
DA:311,1
DA:312,1
DA:313,1
DA:314,1
DA:315,1
DA:316,1
DA:317,1
DA:318,1
DA:319,1
DA:320,1
DA:323,1
DA:324,1
DA:325,1
DA:326,1
DA:327,1
DA:332,4
DA:333,4
DA:334,4
DA:335,4
DA:336,4
DA:337,4
DA:338,4
DA:340,4
DA:344,14
DA:351,4
DA:352,3
DA:355,1
DA:356,0
DA:359,1
DA:361,1
DA:362,2
DA:363,1
DA:364,1
DA:365,0
DA:367,1
DA:368,1
DA:371,1
DA:372,1
DA:373,1
DA:374,0
DA:376,1
DA:377,1
DA:378,0
DA:380,1
DA:381,0
DA:383,1
DA:384,1
DA:387,0
DA:390,1
DA:397,4
DA:398,3
DA:401,1
DA:402,0
DA:405,1
DA:407,1
DA:408,2
DA:409,0
DA:410,0
DA:411,0
DA:413,0
DA:414,0
DA:417,2
DA:418,2
DA:419,2
DA:420,0
DA:422,2
DA:423,2
DA:424,0
DA:426,2
DA:427,0
DA:429,2
DA:430,2
DA:433,0
DA:436,1
DA:440,1
DA:441,1
DA:442,2
DA:445,1
DA:446,2
DA:447,2
DA:448,1
DA:454,1
DA:463,3
DA:464,2
DA:467,2
DA:468,0
DA:471,2
DA:472,1
DA:475,0
DA:483,1
DA:484,1
DA:485,2
DA:488,1
DA:489,1
DA:490,2
DA:493,1
DA:494,2
DA:495,1
DA:497,1
DA:498,2
DA:499,1
DA:501,1
DA:502,2
DA:503,1
DA:505,0
DA:506,0
DA:509,1
DA:513,0
LF:183
LH:153
BRDA:107,0,0,1
BRDA:114,1,0,6
BRDA:114,1,1,6
BRDA:115,2,0,6
BRDA:115,2,1,6
BRDA:118,3,0,6
BRDA:120,4,0,1
BRDA:120,5,0,6
BRDA:120,5,1,6
BRDA:133,6,0,1
BRDA:147,7,0,0
BRDA:163,8,0,0
BRDA:163,8,1,0
BRDA:168,9,0,0
BRDA:173,10,0,0
BRDA:180,11,0,1
BRDA:180,11,1,3
BRDA:188,12,0,4
BRDA:188,12,1,3
BRDA:238,13,0,0
BRDA:238,13,1,0
BRDA:280,14,0,4
BRDA:284,15,0,7
BRDA:284,15,1,1
BRDA:285,16,0,1
BRDA:285,16,1,0
BRDA:287,17,0,1
BRDA:295,18,0,0
BRDA:302,19,0,4
BRDA:302,19,1,3
BRDA:303,20,0,1
BRDA:309,21,0,1
BRDA:323,22,0,1
BRDA:351,23,0,3
BRDA:355,24,0,0
BRDA:362,25,0,1
BRDA:364,26,0,0
BRDA:371,27,0,1
BRDA:371,28,0,1
BRDA:371,28,1,1
BRDA:372,29,0,1
BRDA:372,29,1,0
BRDA:373,30,0,0
BRDA:376,31,0,1
BRDA:376,31,1,0
BRDA:377,32,0,0
BRDA:380,33,0,0
BRDA:380,34,0,1
BRDA:380,34,1,0
BRDA:397,35,0,3
BRDA:401,36,0,0
BRDA:408,37,0,0
BRDA:410,38,0,0
BRDA:417,39,0,2
BRDA:417,40,0,2
BRDA:417,40,1,2
BRDA:418,41,0,2
BRDA:418,41,1,0
BRDA:419,42,0,0
BRDA:422,43,0,2
BRDA:422,43,1,0
BRDA:423,44,0,0
BRDA:426,45,0,0
BRDA:426,46,0,2
BRDA:426,46,1,1
BRDA:447,47,0,1
BRDA:463,48,0,2
BRDA:467,49,0,0
BRDA:471,50,0,1
BRDA:503,51,0,1
BRDA:503,51,1,1
BRDA:505,52,0,0
BRDA:505,52,1,0
BRF:73
BRH:45
end_of_record
TN:
SF:src/output/diff-formatter.ts
FN:34,formatFileDiff
FN:37,(anonymous_1)
FN:45,(anonymous_2)
FN:71,formatDiff
FN:77,(anonymous_4)
FN:78,(anonymous_5)
FN:79,(anonymous_6)
FN:117,formatStalenessWarning
FN:127,getTypeIndicator
FNF:9
FNH:9
FNDA:6,formatFileDiff
FNDA:10,(anonymous_1)
FNDA:18,(anonymous_2)
FNDA:6,formatDiff
FNDA:9,(anonymous_4)
FNDA:9,(anonymous_5)
FNDA:9,(anonymous_6)
FNDA:15,formatStalenessWarning
FNDA:9,getTypeIndicator
DA:1,2
DA:34,2
DA:35,6
DA:37,6
DA:38,10
DA:41,10
DA:42,2
DA:45,10
DA:46,18
DA:47,5
DA:49,13
DA:50,5
DA:52,8
DA:56,6
DA:71,2
DA:72,6
DA:73,1
DA:77,9
DA:78,9
DA:79,9
DA:82,5
DA:83,5
DA:86,5
DA:87,9
DA:88,9
DA:91,9
DA:92,2
DA:93,2
DA:94,1
DA:95,1
DA:96,1
DA:98,1
DA:101,9
DA:104,5
DA:117,2
DA:118,15
DA:119,4
DA:121,11
DA:128,9
DA:133,9
LF:40
LH:40
BRDA:41,0,0,2
BRDA:46,1,0,5
BRDA:49,2,0,5
BRDA:72,3,0,1
BRDA:91,4,0,2
BRDA:93,5,0,1
BRDA:93,5,1,1
BRDA:118,6,0,4
BRF:8
BRH:8
end_of_record
TN:
SF:src/output/error-formatter.ts
FN:41,formatGuidedError
FN:55,(anonymous_1)
FNF:2
FNH:2
FNDA:4,formatGuidedError
FNDA:7,(anonymous_1)
DA:41,2
DA:42,4
DA:44,4
DA:45,4
DA:47,4
DA:48,3
DA:51,4
DA:53,4
DA:54,4
DA:55,4
DA:56,7
DA:58,4
DA:61,4
DA:62,4
DA:63,4
DA:65,4
LF:16
LH:16
BRDA:47,0,0,3
BRDA:53,1,0,4
BRF:2
BRH:2
end_of_record
TN:
SF:src/output/formatter.ts
FN:43,formatHeader
FN:57,formatBold
FN:70,formatItalic
FN:83,formatCode
FN:98,formatCodeBlock
FN:117,formatList
FN:119,(anonymous_6)
FN:134,formatExecutionGraph
FN:139,(anonymous_8)
FN:153,formatKeyValue
FN:155,(anonymous_10)
FN:171,formatStatus
FN:185,formatComparisonItems
FN:196,formatCriteriaResults
FN:202,(anonymous_14)
FNF:15
FNH:15
FNDA:127,formatHeader
FNDA:240,formatBold
FNDA:1,formatItalic
FNDA:1,formatCode
FNDA:2,formatCodeBlock
FNDA:63,formatList
FNDA:123,(anonymous_6)
FNDA:1,formatExecutionGraph
FNDA:2,(anonymous_8)
FNDA:1,formatKeyValue
FNDA:2,(anonymous_10)
FNDA:4,formatStatus
FNDA:3,formatComparisonItems
FNDA:1,formatCriteriaResults
FNDA:2,(anonymous_14)
DA:43,10
DA:44,127
DA:45,127
DA:57,10
DA:58,240
DA:70,10
DA:71,1
DA:83,10
DA:84,1
DA:98,10
DA:99,2
DA:100,2
DA:117,10
DA:118,63
DA:120,123
DA:121,5
DA:123,118
DA:134,10
DA:135,1
DA:136,0
DA:139,2
DA:140,1
DA:153,10
DA:154,1
DA:155,2
DA:171,10
DA:172,4
DA:179,4
DA:185,10
DA:186,3
DA:187,1
DA:190,2
DA:196,10
DA:197,1
DA:198,0
DA:201,1
DA:203,2
DA:204,2
DA:205,2
LF:39
LH:37
BRDA:99,0,0,2
BRDA:99,0,1,1
BRDA:117,1,0,61
BRDA:120,2,0,5
BRDA:135,3,0,0
BRDA:135,4,0,1
BRDA:135,4,1,1
BRDA:185,5,0,0
BRDA:186,6,0,1
BRDA:197,7,0,0
BRDA:203,8,0,1
BRDA:203,8,1,1
BRDA:204,9,0,1
BRDA:204,9,1,1
BRF:14
BRH:11
end_of_record
TN:
SF:src/output/progress-bar.ts
FN:21,progressBar
FNF:1
FNH:1
FNDA:17,progressBar
DA:21,4
DA:27,17
DA:28,1
DA:32,16
DA:35,16
DA:36,16
DA:39,16
DA:40,16
DA:41,16
DA:43,16
LF:10
LH:10
BRDA:24,0,0,16
BRDA:27,1,0,1
BRF:2
BRH:2
end_of_record
TN:
SF:src/state/loop-enforcer.ts
FN:19,(anonymous_0)
FN:26,(anonymous_1)
FN:43,(anonymous_2)
FN:57,(anonymous_3)
FN:64,(anonymous_4)
FNF:5
FNH:5
FNDA:13,(anonymous_0)
FNDA:7,(anonymous_1)
FNDA:11,(anonymous_2)
FNDA:11,(anonymous_3)
FNDA:7,(anonymous_4)
DA:2,4
DA:15,4
DA:20,13
DA:27,7
DA:28,4
DA:29,4
DA:31,4
DA:44,11
DA:49,11
DA:58,11
DA:65,7
DA:66,4
LF:12
LH:12
BRDA:27,0,0,4
BRDA:29,1,0,4
BRDA:29,1,1,0
BRDA:58,2,0,11
BRDA:58,2,1,9
BRDA:65,3,0,4
BRDA:67,4,0,4
BRDA:67,4,1,0
BRDA:69,5,0,4
BRDA:69,5,1,0
BRDA:70,6,0,4
BRDA:70,6,1,0
BRF:12
BRH:8
end_of_record
TN:
SF:src/state/state-manager.ts
FN:20,(anonymous_0)
FN:30,(anonymous_1)
FN:40,(anonymous_2)
FN:50,(anonymous_3)
FN:62,(anonymous_4)
FN:86,(anonymous_5)
FNF:6
FNH:6
FNDA:10,(anonymous_0)
FNDA:6,(anonymous_1)
FNDA:4,(anonymous_2)
FNDA:4,(anonymous_3)
FNDA:5,(anonymous_4)
FNDA:3,(anonymous_5)
DA:1,9
DA:16,9
DA:21,10
DA:22,10
DA:31,6
DA:41,4
DA:52,4
DA:53,4
DA:54,4
DA:56,4
DA:57,1
DA:61,3
DA:62,5
DA:65,3
DA:66,1
DA:70,2
DA:72,2
DA:73,2
DA:74,2
DA:76,2
DA:77,1
DA:80,1
DA:87,3
DA:92,3
LF:24
LH:24
BRDA:56,0,0,1
BRDA:65,1,0,1
BRDA:76,2,0,1
BRF:3
BRH:3
end_of_record
TN:
SF:src/storage/atomic-writes.ts
FN:19,atomicWrite
FN:64,atomicWriteValidated
FNF:2
FNH:2
FNDA:54,atomicWrite
FNDA:3,atomicWriteValidated
DA:1,15
DA:2,15
DA:3,15
DA:19,15
DA:24,54
DA:25,54
DA:26,9
DA:30,50
DA:32,50
DA:34,50
DA:35,49
DA:37,1
DA:41,50
DA:44,0
DA:45,0
DA:46,0
DA:51,0
DA:64,15
DA:70,3
DA:73,2
DA:76,2
LF:21
LH:17
BRDA:25,0,0,9
BRDA:34,1,0,49
BRDA:34,1,1,1
BRDA:44,2,0,0
BRF:4
BRH:3
end_of_record
TN:
SF:src/storage/file-manager.ts
FN:66,(anonymous_0)
FN:76,(anonymous_1)
FN:83,(anonymous_2)
FN:102,(anonymous_3)
FN:111,(anonymous_4)
FN:119,(anonymous_5)
FN:127,(anonymous_6)
FN:135,(anonymous_7)
FN:146,(anonymous_8)
FN:153,(anonymous_9)
FN:161,(anonymous_10)
FN:171,(anonymous_11)
FN:178,(anonymous_12)
FN:186,(anonymous_13)
FN:194,(anonymous_14)
FN:202,(anonymous_15)
FN:213,(anonymous_16)
FN:220,(anonymous_17)
FN:228,(anonymous_18)
FNF:19
FNH:10
FNDA:35,(anonymous_0)
FNDA:10,(anonymous_1)
FNDA:12,(anonymous_2)
FNDA:38,(anonymous_3)
FNDA:6,(anonymous_4)
FNDA:4,(anonymous_5)
FNDA:0,(anonymous_6)
FNDA:19,(anonymous_7)
FNDA:40,(anonymous_8)
FNDA:6,(anonymous_9)
FNDA:34,(anonymous_10)
FNDA:0,(anonymous_11)
FNDA:0,(anonymous_12)
FNDA:0,(anonymous_13)
FNDA:0,(anonymous_14)
FNDA:0,(anonymous_15)
FNDA:0,(anonymous_16)
FNDA:0,(anonymous_17)
FNDA:0,(anonymous_18)
DA:1,11
DA:2,11
DA:3,11
DA:4,11
DA:6,11
DA:8,11
DA:10,11
DA:37,11
DA:46,11
DA:62,11
DA:67,35
DA:68,35
DA:77,10
DA:84,12
DA:85,2
DA:88,10
DA:89,10
DA:90,10
DA:91,8
DA:94,2
DA:95,2
DA:103,38
DA:104,37
DA:105,37
DA:112,6
DA:113,6
DA:120,4
DA:121,4
DA:128,0
DA:129,0
DA:136,19
DA:137,1
DA:147,40
DA:154,6
DA:155,6
DA:162,34
DA:163,34
DA:172,0
DA:179,0
DA:180,0
DA:187,0
DA:188,0
DA:195,0
DA:196,0
DA:203,0
DA:204,0
DA:214,0
DA:221,0
DA:222,0
DA:229,0
DA:230,0
LF:51
LH:35
BRDA:84,0,0,2
BRDA:136,1,0,1
BRDA:203,2,0,0
BRF:3
BRH:2
end_of_record
TN:
SF:src/storage/model-config-manager.ts
FN:14,(anonymous_0)
FN:21,(anonymous_1)
FN:42,(anonymous_2)
FN:50,(anonymous_3)
FN:64,(anonymous_4)
FN:75,(anonymous_5)
FN:82,(anonymous_6)
FNF:7
FNH:7
FNDA:23,(anonymous_0)
FNDA:37,(anonymous_1)
FNDA:22,(anonymous_2)
FNDA:12,(anonymous_3)
FNDA:3,(anonymous_4)
FNDA:2,(anonymous_5)
FNDA:19,(anonymous_6)
DA:1,1
DA:3,1
DA:10,1
DA:12,23
DA:15,23
DA:22,37
DA:23,31
DA:26,6
DA:27,6
DA:28,1
DA:34,5
DA:35,5
DA:43,22
DA:44,21
DA:51,12
DA:52,12
DA:53,0
DA:55,12
DA:56,12
DA:57,12
DA:58,12
DA:65,3
DA:66,3
DA:67,3
DA:68,3
DA:69,3
DA:76,2
DA:83,19
DA:84,19
DA:85,19
DA:86,19
LF:31
LH:30
BRDA:22,0,0,31
BRDA:27,1,0,1
BRDA:44,2,0,21
BRDA:44,2,1,4
BRDA:52,3,0,0
BRF:5
BRH:4
end_of_record
TN:
SF:src/storage/session-manager.ts
FN:18,(anonymous_0)
FN:31,(anonymous_1)
FN:56,(anonymous_2)
FN:87,(anonymous_3)
FN:95,(anonymous_4)
FN:105,(anonymous_5)
FN:117,(anonymous_6)
FN:128,(anonymous_7)
FN:164,(anonymous_8)
FNF:9
FNH:9
FNDA:18,(anonymous_0)
FNDA:9,(anonymous_1)
FNDA:4,(anonymous_2)
FNDA:7,(anonymous_3)
FNDA:2,(anonymous_4)
FNDA:2,(anonymous_5)
FNDA:2,(anonymous_6)
FNDA:4,(anonymous_7)
FNDA:22,(anonymous_8)
DA:1,5
DA:2,5
DA:3,5
DA:5,5
DA:14,5
DA:19,18
DA:20,18
DA:33,9
DA:36,8
DA:37,8
DA:41,8
DA:42,8
DA:43,8
DA:46,8
DA:58,4
DA:59,2
DA:62,2
DA:64,2
DA:67,2
DA:68,2
DA:69,1
DA:72,1
DA:73,1
DA:76,1
DA:79,0
DA:80,0
DA:88,7
DA:89,7
DA:96,2
DA:97,2
DA:98,1
DA:106,2
DA:107,1
DA:109,1
DA:118,2
DA:129,4
DA:132,4
DA:133,1
DA:134,1
DA:137,3
DA:139,3
DA:140,3
DA:141,3
DA:142,2
DA:145,2
DA:146,2
DA:147,2
DA:149,2
DA:150,1
DA:151,1
DA:154,2
DA:156,1
DA:157,1
DA:165,22
LF:54
LH:52
BRDA:36,0,0,8
BRDA:58,1,0,2
BRDA:68,2,0,1
BRDA:97,3,0,1
BRDA:106,4,0,1
BRDA:132,5,0,1
BRDA:149,6,0,1
BRDA:156,7,0,1
BRDA:156,7,1,0
BRF:9
BRH:8
end_of_record
TN:
SF:src/types/command.ts
FNF:0
FNH:0
DA:1,4
DA:53,4
DA:76,4
LF:3
LH:3
BRF:0
BRH:0
end_of_record
TN:
SF:src/types/index.ts
FNF:0
FNH:0
DA:14,4
DA:17,4
DA:20,4
DA:23,4
DA:26,4
DA:29,4
LF:6
LH:6
BRF:0
BRH:0
end_of_record
TN:
SF:src/types/loop.ts
FN:30,isValidTransition
FNF:1
FNH:1
FNDA:22,isValidTransition
DA:1,22
DA:15,22
DA:21,22
DA:30,22
DA:31,22
DA:32,22
LF:6
LH:6
BRDA:32,0,0,22
BRDA:32,0,1,0
BRF:2
BRH:1
end_of_record
TN:
SF:src/types/model-config.ts
FN:102,createDefaultModelConfig
FNF:1
FNH:1
FNDA:21,createDefaultModelConfig
DA:1,15
DA:3,15
DA:20,15
DA:47,15
DA:70,15
DA:91,15
DA:102,15
DA:103,21
LF:8
LH:8
BRF:0
BRH:0
end_of_record
TN:
SF:src/types/plan.ts
FNF:0
FNH:0
DA:1,15
DA:26,15
DA:45,15
DA:62,15
DA:78,15
DA:124,15
LF:6
LH:6
BRF:0
BRH:0
end_of_record
TN:
SF:src/types/session.ts
FNF:0
FNH:0
DA:1,6
DA:3,6
DA:40,6
LF:3
LH:3
BRF:0
BRH:0
end_of_record
TN:
SF:src/types/state.ts
FNF:0
FNH:0
DA:1,15
DA:3,15
DA:25,15
DA:42,15
DA:57,15
LF:5
LH:5
BRF:0
BRH:0
end_of_record
TN:
SF:src/types/sub-stage.ts
FN:57,getParentPhase
FNF:1
FNH:1
FNDA:9,getParentPhase
DA:1,16
DA:28,16
DA:43,16
DA:57,16
DA:58,9
DA:59,9
LF:6
LH:6
BRF:0
BRH:0
end_of_record
